SF:lib/styles/themes.dart
DA:6,10
DA:8,5
DA:9,5
DA:13,10
DA:14,5
DA:22,15
DA:32,5
DA:33,0
DA:37,5
DA:38,10
DA:45,5
DA:46,5
DA:47,5
DA:48,5
DA:49,5
DA:54,5
DA:55,5
DA:59,5
DA:60,15
DA:67,5
DA:68,5
DA:72,5
DA:73,0
DA:76,5
DA:77,0
DA:78,0
DA:80,5
DA:81,0
DA:82,0
DA:84,5
DA:85,15
LF:31
LH:25
end_of_record
SF:lib/widgets/form/dropdown_field.dart
DA:13,5
DA:24,5
DA:26,5
DA:28,5
DA:29,5
DA:30,2
DA:35,2
DA:36,2
DA:44,5
DA:46,5
DA:47,5
DA:48,5
DA:49,5
DA:50,5
DA:53,5
DA:54,5
DA:63,5
DA:65,15
DA:67,5
DA:69,15
DA:75,5
DA:82,5
DA:83,2
DA:84,2
LF:24
LH:24
end_of_record
SF:lib/widgets/form/labeled_text_field.dart
DA:16,3
DA:30,3
DA:32,3
DA:34,3
DA:35,3
DA:36,1
DA:38,1
DA:39,1
DA:47,3
DA:48,3
DA:49,3
DA:50,3
DA:54,3
DA:55,3
DA:56,3
DA:65,3
DA:67,9
DA:69,3
DA:71,9
DA:75,3
DA:82,3
DA:83,3
DA:84,3
LF:23
LH:23
end_of_record
SF:lib/generated/i18n.dart
DA:6,4
DA:8,4
DA:13,8
DA:15,0
DA:18,0
DA:21,0
DA:24,0
DA:27,0
DA:30,0
DA:33,0
DA:34,0
DA:36,0
DA:37,0
DA:39,0
DA:40,0
DA:42,0
DA:43,0
DA:45,0
DA:46,0
DA:48,0
DA:49,0
DA:51,0
DA:52,0
DA:54,0
DA:57,0
DA:60,0
DA:63,0
DA:66,0
DA:67,0
DA:68,0
DA:69,0
DA:70,0
DA:71,0
DA:72,0
DA:73,0
DA:74,0
DA:77,0
DA:78,0
DA:79,0
DA:80,0
DA:81,0
DA:82,0
DA:83,0
DA:84,0
DA:85,0
DA:86,1
DA:87,0
DA:88,0
DA:89,0
DA:90,0
DA:91,0
DA:92,0
DA:93,0
DA:94,0
DA:95,0
DA:96,0
DA:97,0
DA:98,0
DA:99,0
DA:100,0
DA:101,0
DA:102,0
DA:103,0
DA:104,0
DA:105,0
DA:106,0
DA:107,0
DA:108,0
DA:109,0
DA:110,0
DA:111,0
DA:112,0
DA:113,0
DA:114,0
DA:115,0
DA:116,0
DA:117,0
DA:118,0
DA:119,0
DA:120,0
DA:121,0
DA:122,0
DA:123,0
DA:124,0
DA:125,0
DA:126,0
DA:127,0
DA:128,0
DA:129,0
DA:130,0
DA:131,0
DA:132,0
DA:133,0
DA:134,0
DA:135,0
DA:136,0
DA:137,1
DA:138,0
DA:139,0
DA:140,0
DA:141,0
DA:142,0
DA:143,0
DA:144,0
DA:145,0
DA:146,1
DA:147,0
DA:148,0
DA:149,0
DA:150,0
DA:151,0
DA:152,0
DA:153,0
DA:154,0
DA:155,0
DA:158,0
DA:159,0
DA:160,0
DA:161,0
DA:162,0
DA:163,0
DA:164,0
DA:165,0
DA:166,0
DA:167,0
DA:168,0
DA:169,0
DA:170,0
DA:171,0
DA:172,0
DA:173,0
DA:174,0
DA:175,0
DA:176,0
DA:177,0
DA:178,0
DA:179,0
DA:180,0
DA:181,0
DA:182,0
DA:183,0
DA:184,0
DA:185,0
DA:186,0
DA:187,0
DA:188,0
DA:189,0
DA:190,0
DA:191,0
DA:192,0
DA:193,0
DA:194,0
DA:195,0
DA:196,0
DA:197,0
DA:198,0
DA:199,0
DA:200,0
DA:201,0
DA:202,0
DA:203,0
DA:204,0
DA:205,0
DA:206,0
DA:207,0
DA:208,0
DA:209,0
DA:210,0
DA:211,0
DA:212,0
DA:215,0
DA:216,0
DA:217,0
DA:228,0
DA:243,0
DA:244,0
DA:245,0
DA:246,0
DA:247,0
DA:248,0
DA:249,0
DA:250,0
DA:251,0
DA:252,1
DA:253,0
DA:254,0
DA:255,0
DA:256,0
DA:257,0
DA:258,0
DA:259,0
DA:260,0
DA:261,0
DA:262,0
DA:263,0
DA:264,0
DA:265,0
DA:266,0
DA:267,0
DA:268,0
DA:269,0
DA:270,0
DA:271,0
DA:272,0
DA:273,1
DA:274,0
DA:275,0
DA:276,0
DA:277,0
DA:278,0
DA:279,0
DA:280,0
DA:281,0
DA:282,0
DA:283,0
DA:284,0
DA:285,0
DA:286,0
DA:287,0
DA:288,0
DA:289,0
DA:290,0
DA:291,0
DA:292,0
DA:293,0
DA:294,0
DA:295,0
DA:296,0
DA:297,0
DA:298,0
DA:299,0
DA:300,0
DA:301,0
DA:302,0
DA:303,0
DA:304,0
DA:305,0
DA:306,0
DA:307,0
DA:308,0
DA:309,0
DA:310,0
DA:311,0
DA:312,0
DA:313,0
DA:314,0
DA:315,0
DA:316,0
DA:317,0
DA:318,0
DA:319,0
DA:320,0
DA:321,0
DA:322,0
DA:323,0
DA:324,0
DA:325,0
DA:326,0
DA:327,0
DA:328,0
DA:329,0
DA:330,0
DA:331,1
DA:332,1
DA:333,1
DA:334,0
DA:335,0
DA:336,0
DA:337,0
DA:338,0
DA:339,0
DA:340,0
DA:341,0
DA:342,0
DA:343,0
DA:344,0
DA:345,0
DA:346,0
DA:347,1
DA:348,0
DA:349,0
DA:350,0
DA:351,0
DA:352,0
DA:353,0
DA:354,0
DA:355,0
DA:356,0
DA:357,0
DA:358,0
DA:359,0
DA:360,0
DA:361,0
DA:362,0
DA:363,0
DA:364,0
DA:365,0
DA:366,0
DA:367,0
DA:368,0
DA:369,0
DA:370,0
DA:371,0
DA:372,0
DA:373,0
DA:374,0
DA:375,0
DA:376,0
DA:377,0
DA:378,0
DA:379,0
DA:380,0
DA:381,0
DA:382,0
DA:383,0
DA:384,0
DA:385,0
DA:386,0
DA:387,0
DA:388,0
DA:389,0
DA:390,0
DA:391,0
DA:392,0
DA:393,0
DA:394,0
DA:395,0
DA:396,0
DA:397,0
DA:398,0
DA:399,0
DA:400,0
DA:401,0
DA:402,0
DA:403,0
DA:404,0
DA:405,0
DA:406,0
DA:407,0
DA:408,0
DA:409,0
DA:410,0
DA:411,0
DA:412,0
DA:413,0
DA:414,0
DA:415,0
DA:416,0
DA:417,0
DA:418,0
DA:419,0
DA:420,0
DA:421,0
DA:422,0
DA:423,0
DA:424,0
DA:425,0
DA:426,0
DA:427,0
DA:428,0
DA:429,0
DA:430,0
DA:431,0
DA:432,0
DA:433,0
DA:434,0
DA:435,0
DA:436,0
DA:437,0
DA:438,0
DA:439,0
DA:440,0
DA:441,0
DA:442,0
DA:443,0
DA:444,0
DA:445,0
DA:446,0
DA:447,0
DA:448,0
DA:449,0
DA:450,0
DA:451,0
DA:452,0
DA:453,0
DA:454,0
DA:455,0
DA:456,0
DA:457,0
DA:458,0
DA:459,0
DA:460,0
DA:461,0
DA:462,0
DA:463,0
DA:464,0
DA:465,0
DA:466,0
DA:467,0
DA:468,0
DA:469,0
DA:470,0
DA:471,0
DA:472,0
DA:473,1
DA:474,0
DA:475,0
DA:476,0
DA:480,4
DA:484,4
DA:486,0
DA:489,0
DA:491,0
DA:493,0
DA:495,0
DA:497,0
DA:499,0
DA:501,0
DA:503,0
DA:505,0
DA:509,0
DA:511,0
DA:513,0
DA:515,0
DA:517,0
DA:519,0
DA:521,0
DA:523,0
DA:525,0
DA:527,0
DA:529,0
DA:531,0
DA:533,0
DA:535,0
DA:537,0
DA:539,0
DA:541,0
DA:543,0
DA:544,0
DA:545,0
DA:547,0
DA:549,0
DA:551,0
DA:553,0
DA:555,0
DA:557,0
DA:559,0
DA:561,0
DA:563,0
DA:565,0
DA:567,0
DA:569,0
DA:571,0
DA:573,0
DA:575,0
DA:577,0
DA:579,0
DA:581,0
DA:583,0
DA:585,0
DA:587,0
DA:589,0
DA:591,0
DA:593,0
DA:595,0
DA:597,0
DA:599,0
DA:601,0
DA:603,0
DA:605,0
DA:607,0
DA:609,0
DA:611,0
DA:613,0
DA:615,0
DA:617,0
DA:619,0
DA:621,0
DA:623,0
DA:625,0
DA:627,0
DA:629,0
DA:631,0
DA:633,0
DA:635,0
DA:637,0
DA:639,0
DA:641,0
DA:643,0
DA:645,0
DA:647,0
DA:649,0
DA:651,0
DA:653,0
DA:655,0
DA:657,0
DA:659,0
DA:661,0
DA:663,0
DA:665,0
DA:669,0
DA:671,0
DA:673,0
DA:675,0
DA:677,0
DA:679,0
DA:681,0
DA:683,0
DA:684,0
DA:685,0
DA:687,0
DA:689,0
DA:691,0
DA:693,0
DA:695,0
DA:697,0
DA:699,0
DA:701,0
DA:703,0
DA:705,0
DA:707,0
DA:709,0
DA:711,0
DA:713,0
DA:715,0
DA:717,0
DA:719,0
DA:721,0
DA:723,0
DA:725,0
DA:726,0
DA:727,0
DA:729,0
DA:731,0
DA:733,0
DA:735,0
DA:737,0
DA:739,0
DA:740,0
DA:741,0
DA:743,0
DA:745,0
DA:746,0
DA:747,0
DA:749,0
DA:751,0
DA:753,0
DA:755,0
DA:757,0
DA:759,0
DA:761,0
DA:763,0
DA:765,0
DA:767,0
DA:769,0
DA:771,0
DA:773,0
DA:775,0
DA:777,0
DA:781,0
DA:783,0
DA:785,0
DA:797,0
DA:813,0
DA:815,0
DA:817,0
DA:819,0
DA:821,0
DA:823,0
DA:825,0
DA:827,0
DA:829,0
DA:831,0
DA:833,0
DA:835,0
DA:837,0
DA:839,0
DA:841,0
DA:843,0
DA:845,0
DA:847,0
DA:849,0
DA:851,0
DA:853,0
DA:855,0
DA:857,0
DA:859,0
DA:861,0
DA:863,0
DA:865,0
DA:867,0
DA:869,0
DA:871,0
DA:873,1
DA:875,0
DA:877,0
DA:879,0
DA:881,0
DA:883,0
DA:885,0
DA:886,0
DA:887,0
DA:889,0
DA:891,0
DA:893,0
DA:895,0
DA:897,0
DA:899,0
DA:901,0
DA:903,0
DA:905,0
DA:907,0
DA:909,0
DA:911,0
DA:913,0
DA:915,0
DA:916,0
DA:917,0
DA:919,0
DA:921,0
DA:923,0
DA:925,0
DA:927,0
DA:929,0
DA:931,0
DA:933,0
DA:935,0
DA:937,0
DA:939,0
DA:941,0
DA:943,0
DA:945,0
DA:947,0
DA:949,0
DA:951,0
DA:953,0
DA:955,0
DA:957,0
DA:959,0
DA:961,0
DA:963,0
DA:965,0
DA:967,0
DA:969,0
DA:971,0
DA:973,0
DA:975,0
DA:977,0
DA:979,0
DA:981,0
DA:983,0
DA:985,0
DA:987,0
DA:989,0
DA:991,1
DA:993,0
DA:995,0
DA:997,0
DA:999,0
DA:1000,0
DA:1002,0
DA:1004,0
DA:1006,0
DA:1008,0
DA:1010,0
DA:1012,0
DA:1014,0
DA:1016,0
DA:1018,0
DA:1020,0
DA:1022,0
DA:1024,0
DA:1026,0
DA:1028,0
DA:1030,0
DA:1032,0
DA:1034,0
DA:1036,0
DA:1038,0
DA:1040,0
DA:1042,0
DA:1044,0
DA:1046,0
DA:1048,0
DA:1050,0
DA:1052,0
DA:1054,0
DA:1056,0
DA:1058,0
DA:1060,0
DA:1062,0
DA:1064,0
DA:1066,0
DA:1068,0
DA:1070,0
DA:1072,0
DA:1074,0
DA:1076,0
DA:1077,0
DA:1078,0
DA:1080,0
DA:1082,0
DA:1084,0
DA:1086,0
DA:1088,0
DA:1090,0
DA:1091,0
DA:1093,0
DA:1094,0
DA:1095,0
DA:1097,0
DA:1099,0
DA:1101,0
DA:1103,0
DA:1105,0
DA:1107,0
DA:1109,0
DA:1111,0
DA:1113,0
DA:1115,0
DA:1117,0
DA:1119,0
DA:1121,0
DA:1123,0
DA:1125,0
DA:1127,0
DA:1129,0
DA:1131,0
DA:1133,0
DA:1135,0
DA:1137,0
DA:1139,0
DA:1141,0
DA:1143,0
DA:1145,0
DA:1147,0
DA:1149,0
DA:1151,0
DA:1153,0
DA:1155,0
DA:1157,0
DA:1159,0
DA:1161,0
DA:1163,0
DA:1165,0
DA:1167,0
DA:1169,0
DA:1171,0
DA:1173,0
DA:1175,0
DA:1177,0
DA:1179,0
DA:1181,0
DA:1183,0
DA:1185,0
DA:1187,0
DA:1189,0
DA:1191,0
DA:1193,0
DA:1195,0
DA:1197,0
DA:1199,0
DA:1201,0
DA:1203,0
DA:1205,0
DA:1207,0
DA:1209,0
DA:1211,0
DA:1213,0
DA:1215,0
DA:1217,0
DA:1219,0
DA:1221,0
DA:1223,0
DA:1225,0
DA:1227,0
DA:1229,0
DA:1231,0
DA:1233,0
DA:1235,0
DA:1237,0
DA:1239,0
DA:1241,0
DA:1243,0
DA:1245,0
DA:1247,0
DA:1249,0
DA:1251,0
DA:1253,0
DA:1255,0
DA:1257,0
DA:1259,0
DA:1261,0
DA:1262,0
DA:1263,0
DA:1265,0
DA:1267,0
DA:1269,0
DA:1271,0
DA:1273,0
DA:1275,0
DA:1277,0
DA:1282,4
DA:1284,4
DA:1291,0
DA:1292,0
DA:1293,0
DA:1296,0
DA:1301,0
DA:1302,0
DA:1303,0
DA:1307,4
DA:1309,4
DA:1311,4
DA:1313,6
DA:1314,1
DA:1316,2
DA:1320,0
DA:1323,4
DA:1324,4
DA:1326,0
DA:1329,0
DA:1330,0
DA:1334,0
DA:1335,0
DA:1337,0
DA:1345,4
DA:1346,8
DA:1347,12
DA:1350,12
DA:1353,0
DA:1361,16
DA:1362,4
DA:1363,0
LF:834
LH:33
end_of_record
SF:lib/models/asset.dart
DA:4,0
DA:6,0
DA:14,4
LF:3
LH:1
end_of_record
SF:lib/packages/utils/fast_hash.dart
DA:2,0
DA:6,0
DA:7,0
DA:8,0
DA:9,0
DA:10,0
DA:11,0
LF:7
LH:0
end_of_record
SF:lib/models/balance.dart
DA:5,0
DA:13,0
DA:21,0
DA:22,0
DA:24,0
DA:26,0
DA:27,0
DA:28,0
DA:29,0
LF:9
LH:0
end_of_record
SF:lib/models/blockchain.dart
DA:9,0
DA:10,0
DA:16,0
DA:17,0
DA:19,0
DA:20,0
LF:6
LH:0
end_of_record
SF:lib/models/dfx_transaction.dart
DA:10,0
LF:1
LH:0
end_of_record
SF:lib/models/transaction.dart
DA:20,0
DA:34,0
LF:2
LH:0
end_of_record
SF:lib/packages/service/transaction_history_service.dart
DA:14,0
DA:19,0
DA:21,0
DA:22,0
DA:23,0
DA:24,0
DA:27,0
DA:28,0
DA:32,0
DA:33,0
DA:36,0
DA:37,0
DA:38,0
DA:39,0
DA:42,0
DA:43,0
DA:44,0
DA:45,0
DA:46,0
DA:47,0
DA:50,0
DA:51,0
DA:52,0
DA:53,0
DA:54,0
DA:58,0
DA:62,0
DA:64,0
DA:67,0
DA:70,0
DA:71,0
DA:72,0
DA:73,0
DA:74,0
DA:78,0
DA:82,0
DA:84,0
DA:90,0
DA:91,0
DA:92,0
DA:94,0
DA:95,0
DA:97,0
DA:98,0
DA:101,0
DA:102,0
DA:103,0
DA:105,0
DA:106,0
DA:108,0
DA:109,0
DA:112,0
DA:113,0
DA:114,0
DA:116,0
DA:118,0
DA:120,0
DA:121,0
DA:123,0
DA:124,0
DA:129,0
DA:131,0
DA:132,0
LF:63
LH:0
end_of_record
SF:lib/packages/config/api_config.dart
DA:6,0
DA:11,0
DA:13,0
DA:15,0
DA:19,0
DA:21,0
DA:22,0
DA:25,0
DA:35,0
DA:37,0
LF:10
LH:0
end_of_record
SF:lib/packages/config/network_mode.dart
DA:12,0
DA:13,0
DA:14,0
DA:17,0
DA:19,0
LF:5
LH:0
end_of_record
SF:lib/packages/hardware_wallet/bitbox.dart
DA:17,0
DA:35,0
DA:37,0
DA:39,0
DA:41,0
DA:42,0
DA:43,0
DA:44,0
DA:46,0
DA:47,0
DA:52,0
DA:57,0
DA:58,0
DA:59,0
DA:60,0
DA:61,0
DA:65,0
DA:66,0
DA:71,0
DA:72,0
DA:73,0
DA:76,0
DA:82,0
DA:85,0
DA:90,0
DA:91,0
DA:92,0
DA:93,0
DA:95,0
DA:100,0
DA:101,0
DA:102,0
DA:107,0
DA:109,0
DA:110,0
DA:111,0
DA:115,0
DA:116,0
DA:117,0
DA:121,0
DA:122,0
DA:127,0
DA:128,0
DA:129,0
DA:137,0
DA:150,0
DA:154,0
DA:155,0
DA:156,0
DA:157,0
LF:50
LH:0
end_of_record
SF:lib/packages/hardware_wallet/bitbox_credentials.dart
DA:15,0
DA:34,0
DA:43,0
DA:45,0
DA:48,0
DA:49,0
DA:50,0
DA:51,0
DA:53,0
DA:55,0
DA:57,0
DA:71,0
DA:72,0
DA:74,0
DA:75,0
DA:76,0
DA:82,0
DA:83,0
DA:88,0
DA:89,0
DA:90,0
DA:93,0
DA:94,0
DA:113,0
DA:119,0
DA:122,0
DA:123,0
DA:128,0
DA:129,0
DA:131,0
DA:134,0
DA:139,0
DA:140,0
DA:141,0
DA:144,0
DA:158,0
DA:161,0
DA:163,0
DA:168,0
DA:170,0
DA:174,0
DA:176,0
DA:177,0
DA:178,0
DA:182,0
DA:184,0
DA:199,0
DA:200,0
DA:201,0
DA:202,0
DA:207,0
DA:209,0
DA:212,0
DA:215,0
DA:223,0
DA:228,0
DA:229,0
DA:230,0
DA:231,0
DA:232,0
DA:233,0
DA:237,0
DA:244,0
DA:246,0
DA:247,0
DA:248,0
DA:254,0
LF:67
LH:0
end_of_record
SF:lib/packages/service/dfx/exceptions/bitbox_address_unavailable_exception.dart
DA:12,4
DA:14,0
LF:2
LH:1
end_of_record
SF:lib/packages/service/dfx/exceptions/bitbox_exception.dart
DA:2,4
DA:4,0
LF:2
LH:1
end_of_record
SF:lib/packages/io/backup_exclusion_adapter.dart
DA:19,4
LF:1
LH:1
end_of_record
SF:lib/packages/io/path_provider_adapter.dart
DA:21,4
LF:1
LH:1
end_of_record
SF:lib/packages/repository/asset_repository.dart
DA:11,0
DA:13,0
DA:14,0
DA:15,0
DA:16,0
DA:19,0
DA:20,0
DA:21,0
DA:22,0
DA:23,0
DA:24,0
DA:25,0
DA:30,0
DA:31,0
DA:33,0
DA:34,0
DA:35,0
DA:36,0
DA:37,0
DA:38,0
DA:39,0
DA:40,0
DA:44,0
DA:45,0
DA:46,0
DA:47,0
DA:48,0
DA:49,0
DA:50,0
DA:51,0
DA:53,0
DA:55,0
DA:56,0
LF:33
LH:0
end_of_record
SF:lib/packages/storage/asset_storage.dart
DA:6,0
DA:15,0
DA:16,0
DA:23,0
DA:28,0
DA:29,0
DA:30,0
DA:32,0
DA:33,0
DA:34,0
DA:36,0
LF:11
LH:0
end_of_record
SF:lib/packages/storage/database.g.dart
DA:10,0
DA:97,0
DA:98,0
DA:99,0
DA:100,0
DA:101,0
DA:102,0
DA:103,0
DA:104,0
DA:105,0
DA:106,0
DA:108,0
DA:109,0
DA:110,0
DA:113,0
DA:118,0
DA:119,0
DA:120,0
DA:121,0
DA:123,0
DA:125,0
DA:126,0
DA:128,0
DA:131,0
DA:133,0
DA:134,0
DA:136,0
DA:139,0
DA:141,0
DA:142,0
DA:144,0
DA:147,0
DA:149,0
DA:150,0
DA:152,0
DA:155,0
DA:157,0
DA:158,0
DA:160,0
DA:163,0
DA:165,0
DA:166,0
DA:168,0
DA:171,0
DA:172,0
DA:174,0
DA:177,0
DA:182,0
DA:184,0
DA:186,0
DA:187,0
DA:188,0
DA:190,0
DA:192,0
DA:194,0
DA:196,0
DA:198,0
DA:200,0
DA:202,0
DA:204,0
DA:206,0
DA:208,0
DA:210,0
DA:212,0
DA:214,0
DA:216,0
DA:218,0
DA:223,0
DA:225,0
DA:238,0
DA:248,0
DA:250,0
DA:251,0
DA:252,0
DA:253,0
DA:254,0
DA:255,0
DA:256,0
DA:257,0
DA:258,0
DA:260,0
DA:264,0
DA:265,0
DA:266,0
DA:267,0
DA:268,0
DA:269,0
DA:270,0
DA:271,0
DA:272,0
DA:274,0
DA:275,0
DA:279,0
DA:283,0
DA:284,0
DA:285,0
DA:286,0
DA:287,0
DA:288,0
DA:289,0
DA:290,0
DA:291,0
DA:292,0
DA:295,0
DA:297,0
DA:298,0
DA:299,0
DA:300,0
DA:301,0
DA:302,0
DA:303,0
DA:304,0
DA:305,0
DA:306,0
DA:310,0
DA:319,0
DA:320,0
DA:321,0
DA:322,0
DA:323,0
DA:324,0
DA:325,0
DA:326,0
DA:327,0
DA:329,0
DA:330,0
DA:331,0
DA:332,0
DA:333,0
DA:334,0
DA:335,0
DA:336,0
DA:337,0
DA:338,0
DA:342,0
DA:344,0
DA:345,0
DA:346,0
DA:347,0
DA:348,0
DA:349,0
DA:350,0
DA:351,0
DA:352,0
DA:353,0
DA:354,0
DA:357,0
DA:358,0
DA:359,0
DA:360,0
DA:361,0
DA:362,0
DA:363,0
DA:364,0
DA:365,0
DA:366,0
DA:368,0
DA:371,0
DA:372,0
DA:373,0
DA:374,0
DA:375,0
DA:376,0
DA:377,0
DA:378,0
DA:379,0
DA:392,0
DA:403,0
DA:413,0
DA:414,0
DA:415,0
DA:416,0
DA:417,0
DA:418,0
DA:419,0
DA:420,0
DA:431,0
DA:432,0
DA:433,0
DA:434,0
DA:435,0
DA:436,0
DA:437,0
DA:438,0
DA:439,0
DA:440,0
DA:444,0
DA:455,0
DA:456,0
DA:457,0
DA:458,0
DA:459,0
DA:460,0
DA:461,0
DA:462,0
DA:463,0
DA:464,0
DA:468,0
DA:470,0
DA:471,0
DA:472,0
DA:474,0
DA:475,0
DA:477,0
DA:478,0
DA:480,0
DA:481,0
DA:483,0
DA:484,0
DA:486,0
DA:487,0
DA:489,0
DA:490,0
DA:492,0
DA:493,0
DA:495,0
DA:496,0
DA:501,0
DA:503,0
DA:504,0
DA:505,0
DA:506,0
DA:507,0
DA:508,0
DA:509,0
DA:510,0
DA:511,0
DA:512,0
DA:513,0
DA:514,0
DA:523,0
DA:578,0
DA:579,0
DA:580,0
DA:581,0
DA:582,0
DA:583,0
DA:584,0
DA:586,0
DA:587,0
DA:588,0
DA:591,0
DA:596,0
DA:597,0
DA:598,0
DA:599,0
DA:601,0
DA:603,0
DA:604,0
DA:606,0
DA:609,0
DA:611,0
DA:612,0
DA:614,0
DA:615,0
DA:620,0
DA:622,0
DA:623,0
DA:625,0
DA:626,0
DA:631,0
DA:633,0
DA:634,0
DA:636,0
DA:639,0
DA:644,0
DA:646,0
DA:648,0
DA:649,0
DA:650,0
DA:652,0
DA:654,0
DA:656,0
DA:658,0
DA:660,0
DA:662,0
DA:664,0
DA:666,0
DA:668,0
DA:673,0
DA:675,0
DA:685,0
DA:692,0
DA:694,0
DA:695,0
DA:696,0
DA:697,0
DA:698,0
DA:699,0
DA:703,0
DA:704,0
DA:705,0
DA:706,0
DA:707,0
DA:708,0
DA:709,0
DA:713,0
DA:717,0
DA:718,0
DA:719,0
DA:720,0
DA:721,0
DA:722,0
DA:723,0
DA:726,0
DA:728,0
DA:729,0
DA:730,0
DA:731,0
DA:732,0
DA:733,0
DA:734,0
DA:738,0
DA:744,0
DA:745,0
DA:746,0
DA:747,0
DA:748,0
DA:749,0
DA:751,0
DA:752,0
DA:753,0
DA:754,0
DA:755,0
DA:756,0
DA:757,0
DA:758,0
DA:759,0
DA:760,0
DA:761,0
DA:765,0
DA:767,0
DA:768,0
DA:769,0
DA:770,0
DA:771,0
DA:772,0
DA:773,0
DA:774,0
DA:777,0
DA:779,0
DA:780,0
DA:783,0
DA:784,0
DA:785,0
DA:786,0
DA:787,0
DA:788,0
DA:798,0
DA:806,0
DA:813,0
DA:814,0
DA:815,0
DA:816,0
DA:817,0
DA:818,0
DA:826,0
DA:827,0
DA:828,0
DA:829,0
DA:830,0
DA:831,0
DA:832,0
DA:836,0
DA:844,0
DA:845,0
DA:846,0
DA:847,0
DA:848,0
DA:849,0
DA:850,0
DA:854,0
DA:856,0
DA:857,0
DA:858,0
DA:860,0
DA:861,0
DA:863,0
DA:864,0
DA:866,0
DA:867,0
DA:869,0
DA:870,0
DA:872,0
DA:873,0
DA:878,0
DA:880,0
DA:881,0
DA:882,0
DA:883,0
DA:884,0
DA:885,0
DA:886,0
DA:887,0
DA:888,0
DA:897,0
DA:917,0
DA:918,0
DA:919,0
DA:920,0
DA:921,0
DA:924,0
DA:929,0
DA:930,0
DA:931,0
DA:932,0
DA:934,0
DA:936,0
DA:937,0
DA:939,0
DA:942,0
DA:947,0
DA:949,0
DA:951,0
DA:952,0
DA:953,0
DA:955,0
DA:957,0
DA:959,0
DA:964,0
DA:966,0
DA:973,0
DA:974,0
DA:976,0
DA:977,0
DA:978,0
DA:982,0
DA:983,0
DA:986,0
DA:990,0
DA:991,0
DA:992,0
DA:993,0
DA:996,0
DA:998,0
DA:999,0
DA:1000,0
DA:1001,0
DA:1005,0
DA:1006,0
DA:1007,0
DA:1008,0
DA:1009,0
DA:1010,0
DA:1014,0
DA:1016,0
DA:1017,0
DA:1018,0
DA:1019,0
DA:1020,0
DA:1023,0
DA:1024,0
DA:1025,0
DA:1028,0
DA:1035,0
DA:1040,0
DA:1044,0
DA:1045,0
DA:1046,0
DA:1051,0
DA:1052,0
DA:1053,0
DA:1054,0
DA:1058,0
DA:1063,0
DA:1064,0
DA:1065,0
DA:1066,0
DA:1070,0
DA:1072,0
DA:1073,0
DA:1074,0
DA:1076,0
DA:1077,0
DA:1079,0
DA:1080,0
DA:1085,0
DA:1087,0
DA:1088,0
DA:1089,0
DA:1090,0
DA:1091,0
DA:1092,0
DA:1100,0
DA:1142,0
DA:1143,0
DA:1144,0
DA:1145,0
DA:1146,0
DA:1149,0
DA:1154,0
DA:1155,0
DA:1156,0
DA:1157,0
DA:1159,0
DA:1162,0
DA:1164,0
DA:1165,0
DA:1167,0
DA:1170,0
DA:1172,0
DA:1173,0
DA:1175,0
DA:1178,0
DA:1180,0
DA:1181,0
DA:1183,0
DA:1189,0
DA:1191,0
DA:1193,0
DA:1194,0
DA:1195,0
DA:1197,0
DA:1199,0
DA:1201,0
DA:1203,0
DA:1205,0
DA:1207,0
DA:1209,0
DA:1214,0
DA:1216,0
DA:1225,0
DA:1231,0
DA:1233,0
DA:1234,0
DA:1235,0
DA:1236,0
DA:1237,0
DA:1238,0
DA:1243,0
DA:1244,0
DA:1245,0
DA:1246,0
DA:1247,0
DA:1248,0
DA:1250,0
DA:1254,0
DA:1258,0
DA:1259,0
DA:1260,0
DA:1261,0
DA:1262,0
DA:1263,0
DA:1266,0
DA:1268,0
DA:1269,0
DA:1270,0
DA:1271,0
DA:1272,0
DA:1273,0
DA:1277,0
DA:1282,0
DA:1283,0
DA:1284,0
DA:1285,0
DA:1286,0
DA:1288,0
DA:1289,0
DA:1290,0
DA:1291,0
DA:1292,0
DA:1293,0
DA:1297,0
DA:1299,0
DA:1300,0
DA:1301,0
DA:1302,0
DA:1303,0
DA:1304,0
DA:1305,0
DA:1308,0
DA:1309,0
DA:1310,0
DA:1313,0
DA:1314,0
DA:1315,0
DA:1316,0
DA:1317,0
DA:1326,0
DA:1333,0
DA:1339,0
DA:1340,0
DA:1341,0
DA:1342,0
DA:1349,0
DA:1350,0
DA:1351,0
DA:1352,0
DA:1353,0
DA:1354,0
DA:1358,0
DA:1365,0
DA:1366,0
DA:1367,0
DA:1368,0
DA:1369,0
DA:1370,0
DA:1374,0
DA:1376,0
DA:1377,0
DA:1378,0
DA:1380,0
DA:1381,0
DA:1383,0
DA:1384,0
DA:1386,0
DA:1387,0
DA:1389,0
DA:1390,0
DA:1395,0
DA:1397,0
DA:1398,0
DA:1399,0
DA:1400,0
DA:1401,0
DA:1402,0
DA:1403,0
DA:1404,0
DA:1413,0
DA:1522,0
DA:1523,0
DA:1524,0
DA:1525,0
DA:1526,0
DA:1527,0
DA:1528,0
DA:1529,0
DA:1530,0
DA:1531,0
DA:1532,0
DA:1533,0
DA:1534,0
DA:1536,0
DA:1537,0
DA:1538,0
DA:1541,0
DA:1546,0
DA:1547,0
DA:1548,0
DA:1549,0
DA:1551,0
DA:1554,0
DA:1556,0
DA:1557,0
DA:1559,0
DA:1562,0
DA:1564,0
DA:1565,0
DA:1567,0
DA:1570,0
DA:1572,0
DA:1573,0
DA:1575,0
DA:1576,0
DA:1581,0
DA:1583,0
DA:1584,0
DA:1586,0
DA:1587,0
DA:1592,0
DA:1594,0
DA:1595,0
DA:1597,0
DA:1600,0
DA:1602,0
DA:1603,0
DA:1605,0
DA:1608,0
DA:1610,0
DA:1611,0
DA:1613,0
DA:1616,0
DA:1618,0
DA:1619,0
DA:1621,0
DA:1624,0
DA:1626,0
DA:1627,0
DA:1629,0
DA:1632,0
DA:1634,0
DA:1635,0
DA:1637,0
DA:1640,0
DA:1645,0
DA:1647,0
DA:1649,0
DA:1650,0
DA:1651,0
DA:1653,0
DA:1655,0
DA:1657,0
DA:1659,0
DA:1661,0
DA:1663,0
DA:1665,0
DA:1667,0
DA:1669,0
DA:1671,0
DA:1673,0
DA:1675,0
DA:1677,0
DA:1679,0
DA:1681,0
DA:1683,0
DA:1685,0
DA:1687,0
DA:1689,0
DA:1691,0
DA:1693,0
DA:1698,0
DA:1700,0
DA:1716,0
DA:1729,0
DA:1731,0
DA:1732,0
DA:1733,0
DA:1734,0
DA:1735,0
DA:1736,0
DA:1737,0
DA:1738,0
DA:1739,0
DA:1740,0
DA:1741,0
DA:1742,0
DA:1746,0
DA:1747,0
DA:1748,0
DA:1749,0
DA:1750,0
DA:1751,0
DA:1752,0
DA:1753,0
DA:1754,0
DA:1755,0
DA:1756,0
DA:1757,0
DA:1758,0
DA:1762,0
DA:1766,0
DA:1767,0
DA:1768,0
DA:1769,0
DA:1770,0
DA:1771,0
DA:1772,0
DA:1773,0
DA:1774,0
DA:1775,0
DA:1776,0
DA:1777,0
DA:1778,0
DA:1781,0
DA:1783,0
DA:1784,0
DA:1785,0
DA:1786,0
DA:1787,0
DA:1788,0
DA:1789,0
DA:1790,0
DA:1791,0
DA:1792,0
DA:1793,0
DA:1794,0
DA:1795,0
DA:1799,0
DA:1811,0
DA:1812,0
DA:1813,0
DA:1814,0
DA:1815,0
DA:1816,0
DA:1817,0
DA:1818,0
DA:1819,0
DA:1820,0
DA:1821,0
DA:1822,0
DA:1824,0
DA:1825,0
DA:1826,0
DA:1827,0
DA:1828,0
DA:1829,0
DA:1830,0
DA:1831,0
DA:1832,0
DA:1833,0
DA:1834,0
DA:1835,0
DA:1836,0
DA:1837,0
DA:1838,0
DA:1839,0
DA:1840,0
DA:1844,0
DA:1846,0
DA:1847,0
DA:1848,0
DA:1849,0
DA:1850,0
DA:1851,0
DA:1852,0
DA:1853,0
DA:1854,0
DA:1855,0
DA:1856,0
DA:1857,0
DA:1858,0
DA:1859,0
DA:1862,0
DA:1863,0
DA:1864,0
DA:1865,0
DA:1866,0
DA:1867,0
DA:1868,0
DA:1869,0
DA:1870,0
DA:1871,0
DA:1872,0
DA:1873,0
DA:1874,0
DA:1876,0
DA:1879,0
DA:1880,0
DA:1881,0
DA:1882,0
DA:1883,0
DA:1884,0
DA:1885,0
DA:1886,0
DA:1887,0
DA:1888,0
DA:1889,0
DA:1890,0
DA:1906,0
DA:1920,0
DA:1933,0
DA:1934,0
DA:1935,0
DA:1936,0
DA:1937,0
DA:1938,0
DA:1939,0
DA:1940,0
DA:1941,0
DA:1942,0
DA:1943,0
DA:1944,0
DA:1958,0
DA:1959,0
DA:1960,0
DA:1961,0
DA:1962,0
DA:1963,0
DA:1964,0
DA:1965,0
DA:1966,0
DA:1967,0
DA:1968,0
DA:1969,0
DA:1970,0
DA:1974,0
DA:1988,0
DA:1989,0
DA:1990,0
DA:1991,0
DA:1992,0
DA:1993,0
DA:1994,0
DA:1995,0
DA:1996,0
DA:1997,0
DA:1998,0
DA:1999,0
DA:2000,0
DA:2004,0
DA:2006,0
DA:2007,0
DA:2008,0
DA:2010,0
DA:2011,0
DA:2013,0
DA:2014,0
DA:2016,0
DA:2017,0
DA:2019,0
DA:2020,0
DA:2022,0
DA:2023,0
DA:2025,0
DA:2026,0
DA:2028,0
DA:2029,0
DA:2031,0
DA:2032,0
DA:2034,0
DA:2035,0
DA:2037,0
DA:2038,0
DA:2040,0
DA:2041,0
DA:2046,0
DA:2048,0
DA:2049,0
DA:2050,0
DA:2051,0
DA:2052,0
DA:2053,0
DA:2054,0
DA:2055,0
DA:2056,0
DA:2057,0
DA:2058,0
DA:2059,0
DA:2060,0
DA:2061,0
DA:2062,0
DA:2071,0
DA:2125,0
DA:2126,0
DA:2127,0
DA:2128,0
DA:2129,0
DA:2130,0
DA:2131,0
DA:2133,0
DA:2134,0
DA:2135,0
DA:2138,0
DA:2143,0
DA:2144,0
DA:2145,0
DA:2146,0
DA:2148,0
DA:2151,0
DA:2153,0
DA:2154,0
DA:2156,0
DA:2159,0
DA:2161,0
DA:2162,0
DA:2164,0
DA:2167,0
DA:2168,0
DA:2170,0
DA:2173,0
DA:2174,0
DA:2176,0
DA:2177,0
DA:2185,0
DA:2187,0
DA:2192,0
DA:2193,0
DA:2194,0
DA:2196,0
DA:2198,0
DA:2200,0
DA:2202,0
DA:2204,0
DA:2206,0
DA:2208,0
DA:2210,0
DA:2212,0
DA:2217,0
DA:2219,0
DA:2230,0
DA:2237,0
DA:2239,0
DA:2240,0
DA:2241,0
DA:2242,0
DA:2243,0
DA:2245,0
DA:2246,0
DA:2248,0
DA:2249,0
DA:2254,0
DA:2255,0
DA:2256,0
DA:2257,0
DA:2258,0
DA:2259,0
DA:2261,0
DA:2262,0
DA:2264,0
DA:2268,0
DA:2272,0
DA:2273,0
DA:2274,0
DA:2275,0
DA:2276,0
DA:2277,0
DA:2278,0
DA:2281,0
DA:2283,0
DA:2284,0
DA:2285,0
DA:2286,0
DA:2287,0
DA:2288,0
DA:2289,0
DA:2293,0
DA:2299,0
DA:2300,0
DA:2301,0
DA:2302,0
DA:2303,0
DA:2304,0
DA:2306,0
DA:2309,0
DA:2310,0
DA:2311,0
DA:2312,0
DA:2313,0
DA:2314,0
DA:2315,0
DA:2316,0
DA:2320,0
DA:2322,0
DA:2323,0
DA:2324,0
DA:2325,0
DA:2326,0
DA:2327,0
DA:2328,0
DA:2329,0
DA:2332,0
DA:2333,0
DA:2334,0
DA:2337,0
DA:2338,0
DA:2339,0
DA:2340,0
DA:2341,0
DA:2342,0
DA:2353,0
DA:2361,0
DA:2368,0
DA:2369,0
DA:2370,0
DA:2378,0
DA:2379,0
DA:2380,0
DA:2381,0
DA:2382,0
DA:2383,0
DA:2384,0
DA:2388,0
DA:2396,0
DA:2397,0
DA:2398,0
DA:2399,0
DA:2400,0
DA:2401,0
DA:2402,0
DA:2406,0
DA:2408,0
DA:2409,0
DA:2410,0
DA:2412,0
DA:2413,0
DA:2415,0
DA:2416,0
DA:2418,0
DA:2419,0
DA:2421,0
DA:2422,0
DA:2424,0
DA:2425,0
DA:2430,0
DA:2432,0
DA:2433,0
DA:2434,0
DA:2435,0
DA:2436,0
DA:2437,0
DA:2438,0
DA:2439,0
DA:2440,0
DA:2449,0
DA:2501,0
DA:2502,0
DA:2503,0
DA:2504,0
DA:2505,0
DA:2508,0
DA:2513,0
DA:2514,0
DA:2515,0
DA:2516,0
DA:2518,0
DA:2519,0
DA:2521,0
DA:2524,0
DA:2526,0
DA:2527,0
DA:2529,0
DA:2532,0
DA:2534,0
DA:2535,0
DA:2537,0
DA:2540,0
DA:2542,0
DA:2543,0
DA:2545,0
DA:2548,0
DA:2553,0
DA:2554,0
DA:2555,0
DA:2557,0
DA:2558,0
DA:2559,0
DA:2561,0
DA:2563,0
DA:2565,0
DA:2567,0
DA:2569,0
DA:2571,0
DA:2573,0
DA:2575,0
DA:2577,0
DA:2582,0
DA:2584,0
DA:2594,0
DA:2601,0
DA:2603,0
DA:2604,0
DA:2605,0
DA:2606,0
DA:2607,0
DA:2608,0
DA:2612,0
DA:2613,0
DA:2614,0
DA:2615,0
DA:2616,0
DA:2617,0
DA:2618,0
DA:2622,0
DA:2626,0
DA:2627,0
DA:2628,0
DA:2629,0
DA:2630,0
DA:2631,0
DA:2632,0
DA:2635,0
DA:2637,0
DA:2638,0
DA:2639,0
DA:2640,0
DA:2641,0
DA:2642,0
DA:2643,0
DA:2647,0
DA:2653,0
DA:2654,0
DA:2655,0
DA:2656,0
DA:2657,0
DA:2658,0
DA:2660,0
DA:2661,0
DA:2662,0
DA:2663,0
DA:2664,0
DA:2665,0
DA:2666,0
DA:2670,0
DA:2672,0
DA:2673,0
DA:2674,0
DA:2675,0
DA:2676,0
DA:2677,0
DA:2678,0
DA:2679,0
DA:2682,0
DA:2683,0
DA:2684,0
DA:2687,0
DA:2688,0
DA:2689,0
DA:2690,0
DA:2691,0
DA:2692,0
DA:2701,0
DA:2708,0
DA:2714,0
DA:2715,0
DA:2716,0
DA:2717,0
DA:2718,0
DA:2725,0
DA:2726,0
DA:2727,0
DA:2728,0
DA:2729,0
DA:2730,0
DA:2734,0
DA:2741,0
DA:2742,0
DA:2743,0
DA:2744,0
DA:2745,0
DA:2746,0
DA:2750,0
DA:2752,0
DA:2753,0
DA:2754,0
DA:2756,0
DA:2757,0
DA:2759,0
DA:2760,0
DA:2762,0
DA:2763,0
DA:2765,0
DA:2766,0
DA:2771,0
DA:2773,0
DA:2774,0
DA:2775,0
DA:2776,0
DA:2777,0
DA:2778,0
DA:2779,0
DA:2780,0
DA:2789,0
DA:2835,0
DA:2836,0
DA:2837,0
DA:2838,0
DA:2839,0
DA:2842,0
DA:2847,0
DA:2848,0
DA:2849,0
DA:2850,0
DA:2852,0
DA:2853,0
DA:2855,0
DA:2858,0
DA:2860,0
DA:2861,0
DA:2863,0
DA:2864,0
DA:2869,0
DA:2871,0
DA:2872,0
DA:2874,0
DA:2877,0
DA:2882,0
DA:2883,0
DA:2884,0
DA:2886,0
DA:2887,0
DA:2888,0
DA:2890,0
DA:2892,0
DA:2894,0
DA:2896,0
DA:2898,0
DA:2900,0
DA:2902,0
DA:2907,0
DA:2909,0
DA:2919,0
DA:2925,0
DA:2927,0
DA:2928,0
DA:2929,0
DA:2930,0
DA:2931,0
DA:2935,0
DA:2936,0
DA:2937,0
DA:2938,0
DA:2939,0
DA:2940,0
DA:2944,0
DA:2948,0
DA:2949,0
DA:2950,0
DA:2951,0
DA:2952,0
DA:2953,0
DA:2956,0
DA:2958,0
DA:2959,0
DA:2960,0
DA:2961,0
DA:2962,0
DA:2963,0
DA:2967,0
DA:2972,0
DA:2973,0
DA:2974,0
DA:2975,0
DA:2976,0
DA:2978,0
DA:2979,0
DA:2980,0
DA:2981,0
DA:2982,0
DA:2983,0
DA:2984,0
DA:2985,0
DA:2989,0
DA:2991,0
DA:2992,0
DA:2993,0
DA:2994,0
DA:2995,0
DA:2996,0
DA:2997,0
DA:3000,0
DA:3001,0
DA:3002,0
DA:3005,0
DA:3006,0
DA:3007,0
DA:3008,0
DA:3009,0
DA:3017,0
DA:3023,0
DA:3028,0
DA:3029,0
DA:3030,0
DA:3031,0
DA:3037,0
DA:3038,0
DA:3039,0
DA:3040,0
DA:3041,0
DA:3045,0
DA:3051,0
DA:3052,0
DA:3053,0
DA:3054,0
DA:3055,0
DA:3059,0
DA:3061,0
DA:3062,0
DA:3063,0
DA:3065,0
DA:3066,0
DA:3068,0
DA:3069,0
DA:3071,0
DA:3072,0
DA:3077,0
DA:3079,0
DA:3080,0
DA:3081,0
DA:3082,0
DA:3083,0
DA:3084,0
DA:3085,0
DA:3090,0
DA:3091,0
DA:3102,0
DA:3104,0
DA:3105,0
DA:3106,0
DA:3107,0
DA:3108,0
DA:3109,0
DA:3110,0
DA:3111,0
DA:3112,0
DA:3113,0
DA:3114,0
DA:3145,0
DA:3152,0
DA:3153,0
DA:3154,0
DA:3157,0
DA:3158,0
DA:3159,0
DA:3162,0
DA:3163,0
DA:3164,0
DA:3167,0
DA:3168,0
DA:3169,0
DA:3172,0
DA:3173,0
DA:3174,0
DA:3177,0
DA:3178,0
DA:3179,0
DA:3182,0
DA:3183,0
DA:3184,0
DA:3187,0
DA:3188,0
DA:3189,0
DA:3195,0
DA:3202,0
DA:3203,0
DA:3204,0
DA:3207,0
DA:3208,0
DA:3209,0
DA:3212,0
DA:3213,0
DA:3214,0
DA:3217,0
DA:3218,0
DA:3219,0
DA:3222,0
DA:3223,0
DA:3224,0
DA:3227,0
DA:3228,0
DA:3229,0
DA:3232,0
DA:3233,0
DA:3234,0
DA:3237,0
DA:3238,0
DA:3239,0
DA:3245,0
DA:3252,0
DA:3253,0
DA:3255,0
DA:3256,0
DA:3258,0
DA:3259,0
DA:3261,0
DA:3262,0
DA:3264,0
DA:3265,0
DA:3267,0
DA:3268,0
DA:3270,0
DA:3271,0
DA:3273,0
DA:3274,0
DA:3292,0
DA:3293,0
DA:3294,0
DA:3297,0
DA:3298,0
DA:3299,0
DA:3300,0
DA:3301,0
DA:3302,0
DA:3304,0
DA:3314,0
DA:3326,0
DA:3336,0
DA:3347,0
DA:3348,0
DA:3349,0
DA:3390,0
DA:3397,0
DA:3398,0
DA:3399,0
DA:3402,0
DA:3403,0
DA:3404,0
DA:3407,0
DA:3408,0
DA:3409,0
DA:3412,0
DA:3413,0
DA:3414,0
DA:3417,0
DA:3418,0
DA:3419,0
DA:3425,0
DA:3432,0
DA:3433,0
DA:3434,0
DA:3437,0
DA:3438,0
DA:3439,0
DA:3442,0
DA:3443,0
DA:3444,0
DA:3447,0
DA:3448,0
DA:3449,0
DA:3452,0
DA:3453,0
DA:3454,0
DA:3460,0
DA:3467,0
DA:3468,0
DA:3470,0
DA:3471,0
DA:3473,0
DA:3474,0
DA:3475,0
DA:3478,0
DA:3479,0
DA:3480,0
DA:3483,0
DA:3484,0
DA:3505,0
DA:3506,0
DA:3507,0
DA:3510,0
DA:3511,0
DA:3512,0
DA:3513,0
DA:3514,0
DA:3515,0
DA:3517,0
DA:3524,0
DA:3533,0
DA:3540,0
DA:3548,0
DA:3549,0
DA:3550,0
DA:3585,0
DA:3592,0
DA:3593,0
DA:3594,0
DA:3597,0
DA:3598,0
DA:3599,0
DA:3605,0
DA:3612,0
DA:3613,0
DA:3614,0
DA:3617,0
DA:3618,0
DA:3619,0
DA:3625,0
DA:3632,0
DA:3633,0
DA:3635,0
DA:3636,0
DA:3657,0
DA:3658,0
DA:3659,0
DA:3662,0
DA:3663,0
DA:3664,0
DA:3665,0
DA:3666,0
DA:3667,0
DA:3669,0
DA:3673,0
DA:3675,0
DA:3679,0
DA:3684,0
DA:3685,0
DA:3686,0
DA:3727,0
DA:3734,0
DA:3735,0
DA:3736,0
DA:3739,0
DA:3740,0
DA:3741,0
DA:3744,0
DA:3745,0
DA:3746,0
DA:3749,0
DA:3750,0
DA:3751,0
DA:3757,0
DA:3764,0
DA:3765,0
DA:3766,0
DA:3769,0
DA:3770,0
DA:3771,0
DA:3774,0
DA:3775,0
DA:3776,0
DA:3779,0
DA:3780,0
DA:3781,0
DA:3787,0
DA:3794,0
DA:3795,0
DA:3797,0
DA:3798,0
DA:3800,0
DA:3801,0
DA:3803,0
DA:3804,0
DA:3822,0
DA:3823,0
DA:3824,0
DA:3827,0
DA:3828,0
DA:3829,0
DA:3830,0
DA:3831,0
DA:3832,0
DA:3834,0
DA:3840,0
DA:3848,0
DA:3854,0
DA:3861,0
DA:3862,0
DA:3863,0
DA:3916,0
DA:3918,0
DA:3923,0
DA:3924,0
DA:3925,0
DA:3926,0
DA:3927,0
DA:3931,0
DA:3933,0
DA:3934,0
DA:3935,0
DA:3936,0
DA:3938,0
DA:3939,0
DA:3941,0
DA:3942,0
DA:3949,0
DA:3956,0
DA:3957,0
DA:3958,0
DA:3961,0
DA:3962,0
DA:3963,0
DA:3966,0
DA:3967,0
DA:3968,0
DA:3971,0
DA:3972,0
DA:3973,0
DA:3976,0
DA:3977,0
DA:3978,0
DA:3981,0
DA:3982,0
DA:3983,0
DA:3986,0
DA:3987,0
DA:3988,0
DA:3991,0
DA:3992,0
DA:3993,0
DA:3996,0
DA:3997,0
DA:3998,0
DA:4001,0
DA:4002,0
DA:4003,0
DA:4006,0
DA:4007,0
DA:4008,0
DA:4011,0
DA:4015,0
DA:4017,0
DA:4018,0
DA:4019,0
DA:4021,0
DA:4025,0
DA:4026,0
DA:4027,0
DA:4034,0
DA:4040,0
DA:4047,0
DA:4048,0
DA:4049,0
DA:4052,0
DA:4053,0
DA:4054,0
DA:4057,0
DA:4058,0
DA:4059,0
DA:4062,0
DA:4063,0
DA:4064,0
DA:4067,0
DA:4068,0
DA:4069,0
DA:4072,0
DA:4073,0
DA:4074,0
DA:4077,0
DA:4078,0
DA:4079,0
DA:4082,0
DA:4083,0
DA:4084,0
DA:4087,0
DA:4088,0
DA:4089,0
DA:4092,0
DA:4093,0
DA:4094,0
DA:4097,0
DA:4098,0
DA:4099,0
DA:4105,0
DA:4112,0
DA:4113,0
DA:4115,0
DA:4116,0
DA:4118,0
DA:4119,0
DA:4121,0
DA:4122,0
DA:4123,0
DA:4126,0
DA:4127,0
DA:4128,0
DA:4131,0
DA:4132,0
DA:4134,0
DA:4135,0
DA:4137,0
DA:4138,0
DA:4140,0
DA:4141,0
DA:4143,0
DA:4144,0
DA:4146,0
DA:4147,0
DA:4149,0
DA:4153,0
DA:4155,0
DA:4156,0
DA:4157,0
DA:4159,0
DA:4163,0
DA:4164,0
DA:4165,0
DA:4172,0
DA:4191,0
DA:4192,0
DA:4193,0
DA:4196,0
DA:4197,0
DA:4198,0
DA:4199,0
DA:4200,0
DA:4201,0
DA:4203,0
DA:4216,0
DA:4231,0
DA:4244,0
DA:4258,0
DA:4259,0
DA:4260,0
DA:4261,0
DA:4262,0
DA:4265,0
DA:4266,0
DA:4267,0
DA:4269,0
DA:4270,0
DA:4273,0
DA:4274,0
DA:4276,0
DA:4283,0
DA:4284,0
DA:4285,0
DA:4289,0
DA:4290,0
DA:4291,0
DA:4342,0
DA:4348,0
DA:4349,0
DA:4350,0
DA:4351,0
DA:4352,0
DA:4356,0
DA:4357,0
DA:4359,0
DA:4360,0
DA:4361,0
DA:4362,0
DA:4363,0
DA:4365,0
DA:4366,0
DA:4373,0
DA:4380,0
DA:4381,0
DA:4382,0
DA:4385,0
DA:4386,0
DA:4387,0
DA:4390,0
DA:4391,0
DA:4392,0
DA:4395,0
DA:4396,0
DA:4397,0
DA:4400,0
DA:4401,0
DA:4403,0
DA:4404,0
DA:4405,0
DA:4407,0
DA:4411,0
DA:4412,0
DA:4413,0
DA:4426,0
DA:4433,0
DA:4434,0
DA:4435,0
DA:4438,0
DA:4439,0
DA:4440,0
DA:4443,0
DA:4444,0
DA:4445,0
DA:4448,0
DA:4449,0
DA:4450,0
DA:4453,0
DA:4454,0
DA:4456,0
DA:4457,0
DA:4458,0
DA:4460,0
DA:4464,0
DA:4465,0
DA:4466,0
DA:4479,0
DA:4486,0
DA:4487,0
DA:4489,0
DA:4490,0
DA:4492,0
DA:4493,0
DA:4495,0
DA:4496,0
DA:4497,0
DA:4500,0
DA:4501,0
DA:4503,0
DA:4504,0
DA:4505,0
DA:4507,0
DA:4511,0
DA:4512,0
DA:4513,0
DA:4539,0
DA:4542,0
DA:4543,0
DA:4546,0
DA:4547,0
DA:4551,0
DA:4552,0
DA:4556,0
DA:4557,0
DA:4562,0
DA:4569,0
DA:4578,0
DA:4585,0
DA:4593,0
DA:4594,0
DA:4595,0
DA:4596,0
DA:4597,0
DA:4600,0
DA:4601,0
DA:4602,0
DA:4604,0
DA:4620,0
DA:4623,0
DA:4625,0
DA:4628,0
DA:4631,0
DA:4632,0
DA:4639,0
DA:4640,0
DA:4681,0
DA:4683,0
DA:4685,0
DA:4686,0
DA:4687,0
DA:4688,0
DA:4689,0
DA:4693,0
DA:4694,0
DA:4695,0
DA:4696,0
DA:4697,0
DA:4699,0
DA:4700,0
DA:4702,0
DA:4703,0
DA:4710,0
DA:4717,0
DA:4718,0
DA:4719,0
DA:4722,0
DA:4723,0
DA:4724,0
DA:4727,0
DA:4728,0
DA:4729,0
DA:4732,0
DA:4733,0
DA:4734,0
DA:4737,0
DA:4738,0
DA:4739,0
DA:4742,0
DA:4745,0
DA:4747,0
DA:4748,0
DA:4749,0
DA:4751,0
DA:4755,0
DA:4756,0
DA:4757,0
DA:4764,0
DA:4770,0
DA:4777,0
DA:4778,0
DA:4779,0
DA:4782,0
DA:4783,0
DA:4784,0
DA:4787,0
DA:4788,0
DA:4789,0
DA:4792,0
DA:4793,0
DA:4794,0
DA:4797,0
DA:4798,0
DA:4799,0
DA:4805,0
DA:4812,0
DA:4813,0
DA:4815,0
DA:4816,0
DA:4818,0
DA:4819,0
DA:4821,0
DA:4822,0
DA:4824,0
DA:4825,0
DA:4827,0
DA:4831,0
DA:4833,0
DA:4834,0
DA:4835,0
DA:4837,0
DA:4841,0
DA:4842,0
DA:4843,0
DA:4850,0
DA:4869,0
DA:4870,0
DA:4871,0
DA:4874,0
DA:4875,0
DA:4876,0
DA:4877,0
DA:4878,0
DA:4879,0
DA:4881,0
DA:4887,0
DA:4895,0
DA:4901,0
DA:4908,0
DA:4909,0
DA:4910,0
DA:4911,0
DA:4912,0
DA:4915,0
DA:4916,0
DA:4917,0
DA:4919,0
DA:4920,0
DA:4923,0
DA:4924,0
DA:4926,0
DA:4933,0
DA:4934,0
DA:4935,0
DA:4939,0
DA:4940,0
DA:4941,0
DA:4988,0
DA:4994,0
DA:4995,0
DA:4996,0
DA:4999,0
DA:5000,0
DA:5002,0
DA:5003,0
DA:5004,0
DA:5005,0
DA:5006,0
DA:5008,0
DA:5009,0
DA:5016,0
DA:5023,0
DA:5024,0
DA:5025,0
DA:5028,0
DA:5029,0
DA:5030,0
DA:5033,0
DA:5034,0
DA:5035,0
DA:5038,0
DA:5039,0
DA:5041,0
DA:5042,0
DA:5043,0
DA:5045,0
DA:5049,0
DA:5050,0
DA:5051,0
DA:5064,0
DA:5071,0
DA:5072,0
DA:5073,0
DA:5076,0
DA:5077,0
DA:5078,0
DA:5081,0
DA:5082,0
DA:5083,0
DA:5086,0
DA:5087,0
DA:5089,0
DA:5090,0
DA:5091,0
DA:5093,0
DA:5097,0
DA:5098,0
DA:5099,0
DA:5112,0
DA:5119,0
DA:5120,0
DA:5122,0
DA:5123,0
DA:5125,0
DA:5126,0
DA:5127,0
DA:5130,0
DA:5131,0
DA:5133,0
DA:5134,0
DA:5135,0
DA:5137,0
DA:5141,0
DA:5142,0
DA:5143,0
DA:5169,0
DA:5172,0
DA:5173,0
DA:5176,0
DA:5177,0
DA:5178,0
DA:5179,0
DA:5180,0
DA:5181,0
DA:5186,0
DA:5191,0
DA:5198,0
DA:5203,0
DA:5209,0
DA:5210,0
DA:5211,0
DA:5212,0
DA:5213,0
DA:5216,0
DA:5217,0
DA:5218,0
DA:5220,0
DA:5236,0
DA:5239,0
DA:5241,0
DA:5244,0
DA:5247,0
DA:5248,0
DA:5255,0
DA:5256,0
DA:5281,0
DA:5282,0
DA:5283,0
DA:5284,0
DA:5285,0
DA:5286,0
DA:5287,0
DA:5288,0
DA:5289,0
DA:5290,0
DA:5291,0
DA:5292,0
DA:5293,0
DA:5294,0
DA:5295,0
DA:5296,0
DA:5297,0
LF:2101
LH:0
end_of_record
SF:lib/packages/storage/database.dart
DA:69,0
DA:72,0
DA:75,0
DA:76,0
DA:77,0
DA:78,0
DA:80,0
DA:81,0
DA:82,0
DA:96,0
DA:99,0
DA:100,0
DA:119,0
DA:123,0
DA:124,0
DA:126,0
DA:127,0
DA:128,0
LF:18
LH:0
end_of_record
SF:lib/packages/repository/balance_repository.dart
DA:11,0
DA:13,0
DA:14,0
DA:15,0
DA:18,0
DA:19,0
DA:20,0
DA:21,0
DA:22,0
DA:23,0
DA:25,0
DA:26,0
DA:28,0
DA:29,0
DA:30,0
DA:31,0
DA:32,0
DA:33,0
DA:34,0
DA:35,0
DA:40,0
DA:41,0
DA:43,0
DA:45,0
DA:47,0
DA:48,0
DA:49,0
DA:50,0
DA:51,0
DA:52,0
DA:56,0
LF:31
LH:0
end_of_record
SF:lib/packages/storage/balance_storage.dart
DA:6,0
DA:12,0
DA:13,0
DA:22,0
DA:23,0
DA:24,0
DA:26,0
DA:27,0
DA:28,0
DA:29,0
DA:31,0
DA:32,0
LF:12
LH:0
end_of_record
SF:lib/packages/repository/cache_repository.dart
DA:7,0
DA:9,0
DA:10,0
DA:12,0
DA:13,0
DA:15,0
LF:6
LH:0
end_of_record
SF:lib/packages/storage/key_value_cache.dart
DA:5,0
DA:6,0
DA:10,0
DA:11,0
DA:13,0
DA:14,0
DA:16,0
LF:7
LH:0
end_of_record
SF:lib/packages/repository/settings_repository.dart
DA:9,0
DA:11,0
DA:12,0
DA:14,0
DA:16,0
DA:18,0
DA:19,0
DA:22,0
DA:23,0
DA:26,0
DA:28,0
DA:30,0
DA:32,0
DA:34,0
DA:36,0
DA:37,0
DA:38,0
DA:39,0
DA:40,0
DA:44,0
DA:46,0
DA:48,0
DA:49,0
LF:23
LH:0
end_of_record
SF:lib/packages/repository/transaction_repository.dart
DA:17,0
DA:19,0
DA:20,0
DA:22,0
DA:23,0
DA:24,0
DA:25,0
DA:26,0
DA:27,0
DA:28,0
DA:29,0
DA:30,0
DA:31,0
DA:32,0
DA:33,0
DA:36,0
DA:37,0
DA:38,0
DA:39,0
DA:40,0
DA:41,0
DA:42,0
DA:43,0
DA:44,0
DA:45,0
DA:46,0
DA:47,0
DA:50,0
DA:51,0
DA:52,0
DA:53,0
DA:54,0
DA:55,0
DA:56,0
DA:57,0
DA:61,0
DA:62,0
DA:63,0
DA:64,0
DA:65,0
DA:66,0
DA:67,0
DA:68,0
DA:72,0
DA:73,0
DA:75,0
DA:76,0
DA:77,0
DA:79,0
DA:80,0
DA:81,0
DA:82,0
DA:83,0
DA:84,0
DA:85,0
DA:86,0
DA:87,0
DA:88,0
DA:89,0
DA:96,0
DA:97,0
DA:100,0
DA:101,0
DA:102,0
DA:103,0
DA:104,0
DA:105,0
DA:106,0
DA:107,0
DA:108,0
DA:109,0
DA:110,0
DA:113,0
DA:114,0
DA:115,0
DA:119,0
DA:120,0
DA:121,0
DA:122,0
DA:123,0
DA:124,0
DA:125,0
DA:128,0
DA:129,0
DA:130,0
DA:132,0
DA:136,0
DA:137,0
DA:139,0
DA:145,0
DA:146,0
DA:147,0
DA:149,0
DA:150,0
DA:151,0
DA:154,0
DA:159,0
DA:160,0
DA:161,0
DA:164,0
DA:165,0
DA:166,0
DA:167,0
DA:169,0
DA:170,0
DA:172,0
DA:173,0
DA:174,0
DA:175,0
DA:176,0
DA:177,0
DA:178,0
DA:179,0
DA:180,0
DA:181,0
DA:188,0
DA:189,0
DA:192,0
DA:193,0
DA:194,0
DA:195,0
DA:196,0
DA:197,0
DA:198,0
DA:199,0
DA:200,0
DA:201,0
DA:202,0
DA:203,0
DA:206,0
DA:207,0
DA:208,0
DA:212,0
DA:213,0
DA:214,0
DA:215,0
DA:216,0
DA:217,0
DA:218,0
DA:219,0
DA:222,0
DA:223,0
DA:224,0
DA:230,0
LF:144
LH:0
end_of_record
SF:lib/packages/storage/dfx_transaction_storage.dart
DA:6,0
DA:12,0
DA:13,0
DA:16,0
DA:17,0
DA:18,0
DA:22,0
DA:28,0
DA:29,0
DA:30,0
DA:31,0
DA:32,0
DA:33,0
DA:37,0
DA:38,0
DA:40,0
DA:41,0
DA:43,0
DA:44,0
DA:46,0
DA:47,0
LF:21
LH:0
end_of_record
SF:lib/packages/storage/transaction_storage.dart
DA:6,0
DA:18,0
DA:19,0
DA:34,0
DA:46,0
DA:47,0
DA:48,0
DA:49,0
DA:50,0
DA:51,0
DA:52,0
DA:53,0
DA:54,0
DA:55,0
DA:56,0
DA:57,0
DA:61,0
DA:62,0
DA:64,0
DA:65,0
DA:66,0
DA:68,0
DA:69,0
DA:70,0
DA:74,0
DA:75,0
DA:76,0
DA:79,0
DA:80,0
DA:81,0
DA:82,0
DA:83,0
DA:84,0
DA:85,0
DA:88,0
DA:89,0
DA:91,0
DA:96,0
DA:97,0
DA:98,0
DA:99,0
DA:100,0
DA:101,0
DA:104,0
DA:105,0
DA:106,0
DA:108,0
DA:113,0
DA:114,0
DA:115,0
DA:116,0
DA:117,0
DA:118,0
DA:121,0
DA:122,0
DA:123,0
DA:125,0
DA:126,0
DA:127,0
DA:128,0
DA:129,0
DA:131,0
DA:132,0
LF:63
LH:0
end_of_record
SF:lib/packages/repository/wallet_repository.dart
DA:10,0
DA:12,0
DA:18,0
DA:19,0
DA:22,0
DA:23,0
DA:28,0
DA:33,0
DA:34,0
DA:38,0
DA:39,0
DA:41,0
DA:42,0
DA:45,0
DA:50,0
DA:51,0
DA:52,0
DA:55,0
DA:56,0
DA:57,0
DA:58,0
DA:61,0
DA:62,0
DA:63,0
LF:24
LH:0
end_of_record
SF:lib/packages/storage/secure_storage.dart
DA:48,1
DA:54,0
DA:59,0
DA:60,0
DA:61,0
DA:64,0
DA:66,0
DA:67,0
DA:71,0
DA:72,0
DA:73,0
DA:91,0
DA:93,0
DA:94,0
DA:95,0
DA:96,0
DA:97,0
DA:103,0
DA:107,0
DA:112,0
DA:114,0
DA:115,0
DA:116,0
DA:118,0
DA:119,0
DA:120,0
DA:121,0
DA:124,0
DA:125,0
DA:127,0
DA:142,0
DA:143,0
DA:145,0
DA:147,0
DA:148,0
DA:155,0
DA:156,0
DA:158,0
DA:159,0
DA:160,0
DA:161,0
DA:165,0
DA:166,0
DA:168,0
DA:169,0
DA:174,0
DA:175,0
DA:182,0
DA:187,0
DA:188,0
DA:189,0
DA:190,0
DA:200,0
DA:201,0
DA:202,0
DA:205,0
DA:206,0
DA:208,0
DA:209,0
DA:210,0
DA:213,0
DA:214,0
DA:215,0
DA:217,0
DA:218,0
DA:219,0
DA:224,0
DA:225,0
DA:227,0
DA:228,0
DA:230,0
DA:234,0
DA:235,0
DA:236,0
DA:237,0
DA:238,0
DA:248,0
DA:250,0
DA:251,0
DA:252,0
DA:253,0
DA:254,0
DA:255,0
DA:273,0
DA:274,0
DA:275,0
DA:279,0
DA:280,0
DA:281,0
DA:282,0
DA:283,0
DA:284,0
DA:285,0
DA:286,0
DA:287,0
DA:291,0
DA:292,0
DA:293,0
DA:297,0
DA:298,0
DA:306,4
DA:310,0
DA:311,0
LF:103
LH:2
end_of_record
SF:lib/packages/storage/wallet_storage.dart
DA:5,0
DA:6,0
DA:7,0
DA:9,0
DA:10,0
DA:12,0
DA:13,0
DA:14,0
DA:16,0
DA:17,0
DA:18,0
DA:25,0
DA:26,0
DA:28,0
DA:29,0
DA:34,0
DA:35,0
DA:36,0
DA:39,0
LF:19
LH:0
end_of_record
SF:lib/packages/wallet/wallet.dart
DA:21,0
DA:25,0
DA:36,0
DA:37,0
DA:39,0
DA:40,0
DA:41,0
DA:42,0
DA:43,0
DA:46,0
DA:55,0
DA:63,0
DA:64,0
DA:66,0
DA:67,0
DA:68,0
DA:80,0
DA:82,0
DA:83,0
DA:92,0
DA:94,0
DA:98,0
DA:100,0
DA:104,0
DA:106,0
DA:110,0
DA:112,0
DA:122,0
DA:130,0
DA:133,0
DA:147,0
DA:157,0
DA:158,0
DA:160,0
DA:161,0
DA:162,0
DA:169,0
DA:171,0
DA:172,0
DA:174,0
DA:176,0
DA:178,0
DA:180,0
DA:182,0
DA:184,0
DA:186,0
DA:188,0
DA:192,0
DA:194,0
DA:196,0
DA:200,0
DA:206,0
DA:207,0
DA:209,0
DA:210,0
DA:212,0
DA:213,0
LF:57
LH:0
end_of_record
SF:lib/packages/service/app_store.dart
DA:14,0
DA:16,0
DA:18,0
DA:19,0
DA:20,0
DA:35,0
DA:37,0
DA:39,0
LF:8
LH:0
end_of_record
SF:lib/packages/service/dfx/api_client.dart
DA:17,0
DA:19,0
DA:21,0
DA:22,0
DA:23,0
DA:26,0
DA:27,0
LF:7
LH:0
end_of_record
SF:lib/packages/service/session_cache.dart
DA:9,0
DA:15,0
DA:16,0
DA:17,0
DA:19,0
DA:21,0
DA:23,0
DA:24,0
DA:25,0
DA:26,0
DA:27,0
DA:30,0
DA:31,0
DA:32,0
DA:35,0
DA:36,0
DA:37,0
DA:38,0
DA:39,0
DA:40,0
LF:20
LH:0
end_of_record
SF:lib/packages/service/balance_service.dart
DA:13,0
DA:18,0
DA:40,0
DA:41,0
DA:43,0
DA:44,0
DA:45,0
DA:46,0
DA:47,0
DA:51,0
DA:53,0
DA:54,0
DA:56,0
DA:58,0
DA:60,0
DA:61,0
DA:63,0
DA:64,0
DA:67,0
DA:69,0
DA:70,0
DA:71,0
DA:72,0
DA:75,0
DA:79,0
DA:80,0
DA:83,0
DA:87,0
DA:88,0
LF:29
LH:0
end_of_record
SF:lib/packages/service/dfx/dfx_auth_service.dart
DA:19,0
DA:25,0
DA:27,0
DA:55,0
DA:57,0
DA:59,0
DA:61,0
DA:63,0
DA:66,0
DA:75,0
DA:76,0
DA:77,0
DA:78,0
DA:79,0
DA:83,0
DA:84,0
DA:85,0
DA:88,0
DA:97,0
DA:98,0
DA:99,0
DA:100,0
DA:110,0
DA:112,0
DA:113,0
DA:116,0
DA:119,0
DA:123,0
DA:124,0
DA:126,0
DA:128,0
DA:130,0
DA:133,0
DA:134,0
DA:139,0
DA:140,0
DA:141,0
DA:142,0
DA:144,0
DA:145,0
DA:147,0
DA:148,0
DA:149,0
DA:150,0
DA:152,0
DA:160,0
DA:161,0
DA:162,0
DA:163,0
DA:164,0
DA:166,0
DA:169,0
DA:171,0
DA:172,0
DA:173,0
DA:176,0
DA:180,0
DA:181,0
DA:183,0
DA:185,0
DA:191,0
DA:197,0
DA:198,0
DA:200,0
DA:202,0
DA:210,0
DA:216,0
DA:217,0
DA:219,0
DA:221,0
DA:233,0
DA:236,0
DA:237,0
DA:239,0
DA:240,0
DA:241,0
LF:76
LH:0
end_of_record
SF:lib/packages/service/wallet_service.dart
DA:46,0
DA:60,0
DA:61,0
DA:62,0
DA:72,0
DA:73,0
DA:75,0
DA:76,0
DA:84,0
DA:85,0
DA:86,0
DA:89,0
DA:96,0
DA:97,0
DA:100,0
DA:101,0
DA:102,0
DA:111,0
DA:113,0
DA:115,0
DA:117,0
DA:128,0
DA:129,0
DA:131,0
DA:133,0
DA:134,0
DA:144,0
DA:145,0
DA:146,0
DA:149,0
DA:150,0
DA:153,0
DA:154,0
DA:161,0
DA:162,0
DA:163,0
DA:170,0
DA:171,0
DA:172,0
DA:173,0
DA:174,0
DA:177,0
DA:178,0
DA:179,0
DA:180,0
DA:186,0
DA:187,0
DA:188,0
DA:190,0
DA:195,0
DA:196,0
DA:197,0
DA:198,0
DA:200,0
DA:204,0
DA:205,0
DA:206,0
DA:207,0
DA:208,0
DA:214,0
DA:215,0
DA:216,0
DA:217,0
DA:219,0
DA:222,0
DA:223,0
DA:225,0
DA:226,0
DA:227,0
DA:230,0
DA:231,0
DA:232,0
DA:245,0
DA:246,0
DA:253,0
DA:256,0
DA:263,0
DA:264,0
DA:270,0
DA:284,0
DA:296,0
DA:302,0
DA:304,0
DA:305,0
DA:310,0
DA:311,0
DA:312,0
DA:313,0
DA:314,0
DA:317,0
DA:318,0
DA:319,0
DA:325,0
DA:326,0
DA:327,0
DA:328,0
DA:331,0
DA:332,0
DA:333,0
DA:334,0
DA:335,0
DA:338,0
DA:339,0
DA:342,0
DA:343,0
DA:346,0
DA:348,0
LF:107
LH:0
end_of_record
SF:lib/packages/wallet/exceptions/signing_cancelled_exception.dart
DA:2,4
DA:4,0
LF:2
LH:1
end_of_record
SF:lib/packages/wallet/wallet_account.dart
DA:11,0
DA:13,0
DA:21,0
DA:22,0
DA:24,0
DA:25,0
DA:27,0
DA:30,0
DA:32,0
DA:36,0
DA:38,0
DA:40,0
LF:12
LH:0
end_of_record
SF:lib/packages/service/dfx/dfx_country_service.dart
DA:15,0
DA:17,0
DA:19,0
DA:20,0
DA:22,0
DA:23,0
DA:25,0
DA:26,0
DA:28,0
DA:29,0
DA:30,0
DA:31,0
DA:32,0
DA:34,0
DA:39,0
DA:40,0
DA:42,0
DA:43,0
DA:46,0
LF:19
LH:0
end_of_record
SF:lib/packages/service/dfx/models/country/country.dart
DA:14,1
DA:22,1
DA:25,2
DA:29,0
DA:30,0
DA:31,0
DA:32,0
DA:33,0
DA:34,0
DA:35,0
LF:10
LH:3
end_of_record
SF:lib/packages/service/dfx/models/country/dto/dfx_country_dto.dart
DA:15,0
DA:30,0
DA:31,0
DA:32,0
DA:33,0
DA:34,0
DA:35,0
DA:36,0
DA:37,0
DA:38,0
DA:39,0
DA:40,0
DA:41,0
DA:42,0
DA:43,0
LF:15
LH:0
end_of_record
SF:lib/packages/service/dfx/exceptions/api_exception.dart
DA:8,0
DA:14,0
DA:15,0
DA:18,0
DA:19,0
DA:20,0
DA:21,0
DA:23,0
DA:24,0
DA:25,0
DA:27,0
DA:32,0
DA:33,0
LF:13
LH:0
end_of_record
SF:lib/packages/service/dfx/exceptions/payment/buy_exceptions.dart
DA:6,0
DA:13,0
DA:14,0
DA:15,0
DA:16,0
DA:17,0
DA:18,0
DA:22,0
DA:23,0
DA:31,0
DA:40,0
DA:41,0
DA:42,0
DA:43,0
DA:44,0
DA:45,0
DA:46,0
DA:47,0
DA:51,0
DA:53,0
LF:20
LH:0
end_of_record
SF:lib/packages/service/dfx/models/history/dto/account_history_dto.dart
DA:6,0
DA:12,0
DA:13,0
DA:14,0
DA:15,0
DA:16,0
DA:17,0
DA:18,0
DA:28,0
DA:34,0
DA:35,0
DA:36,0
DA:37,0
DA:38,0
DA:39,0
DA:50,0
DA:56,0
DA:57,0
DA:58,0
DA:59,0
DA:60,0
LF:21
LH:0
end_of_record
SF:lib/packages/service/dfx/models/payment/sell/dto/eip7702/eip7702_data_dto.dart
DA:7,0
DA:14,0
DA:15,0
DA:16,0
DA:17,0
DA:18,0
DA:19,0
DA:28,0
DA:33,0
DA:34,0
DA:35,0
DA:36,0
DA:45,0
DA:50,0
DA:51,0
DA:52,0
DA:53,0
DA:54,0
DA:55,0
DA:56,0
DA:57,0
DA:69,0
DA:77,0
DA:78,0
DA:79,0
DA:80,0
DA:81,0
DA:82,0
DA:83,0
DA:100,0
DA:113,0
DA:114,0
DA:115,0
DA:116,0
DA:117,0
DA:118,0
DA:119,0
DA:120,0
DA:121,0
DA:122,0
DA:123,0
DA:124,0
LF:42
LH:0
end_of_record
SF:lib/packages/service/dfx/models/registration/dto/real_unit_registration_email_request_dto.dart
DA:4,0
DA:8,0
DA:9,0
DA:10,0
LF:4
LH:0
end_of_record
SF:lib/packages/service/dfx/models/registration/dto/real_unit_registration_email_response_dto.dart
DA:6,0
DA:10,0
DA:11,0
DA:12,0
LF:4
LH:0
end_of_record
SF:lib/packages/service/dfx/models/registration/registration_email_status.dart
DA:5,0
DA:7,0
DA:9,0
DA:12,0
LF:4
LH:0
end_of_record
SF:lib/packages/service/dfx/models/registration/dto/real_unit_registration_register_wallet_request_dto.dart
DA:6,0
DA:12,0
DA:13,0
DA:14,0
DA:15,0
LF:5
LH:0
end_of_record
SF:lib/packages/service/dfx/models/registration/dto/real_unit_registration_request_dto.dart
DA:22,0
DA:42,0
DA:43,0
DA:44,0
DA:45,0
DA:46,0
DA:47,0
DA:48,0
DA:49,0
DA:50,0
DA:51,0
DA:52,0
DA:53,0
DA:54,0
DA:55,0
DA:56,0
DA:57,0
DA:58,0
DA:59,0
DA:60,0
DA:68,0
DA:73,0
DA:74,0
DA:75,0
DA:76,0
DA:80,0
DA:81,0
DA:82,0
LF:28
LH:0
end_of_record
SF:lib/packages/service/dfx/models/registration/kyc/kyc_personal_data.dart
DA:12,0
DA:22,0
DA:23,0
DA:24,0
DA:25,0
DA:26,0
DA:27,0
DA:28,0
DA:29,0
DA:30,0
DA:31,0
DA:36,0
DA:37,0
DA:38,0
DA:39,0
DA:40,0
DA:41,0
DA:42,0
DA:43,0
DA:57,0
DA:59,0
DA:61,0
DA:66,0
DA:68,0
DA:70,0
DA:72,0
DA:75,0
DA:87,0
DA:95,0
DA:96,0
DA:97,0
DA:98,0
DA:99,0
DA:100,0
DA:101,0
DA:102,0
DA:107,0
DA:108,0
DA:109,0
DA:110,0
DA:111,0
DA:112,0
LF:42
LH:0
end_of_record
SF:lib/packages/service/dfx/models/registration/dto/real_unit_registration_response_dto.dart
DA:6,0
DA:10,0
DA:11,0
DA:12,0
LF:4
LH:0
end_of_record
SF:lib/packages/service/dfx/models/registration/registration_status.dart
DA:12,0
DA:14,0
DA:16,0
DA:18,0
DA:20,0
DA:23,0
LF:6
LH:0
end_of_record
SF:lib/packages/service/dfx/models/registration/registration_user_type.dart
DA:13,0
DA:15,0
DA:16,0
DA:17,0
DA:18,0
DA:22,0
DA:23,0
DA:24,0
DA:25,0
LF:9
LH:0
end_of_record
SF:lib/packages/service/dfx/models/registration/registration.dart
DA:19,0
LF:1
LH:0
end_of_record
SF:lib/packages/service/dfx/models/transactions/dto/transactions_dto.dart
DA:10,0
DA:12,0
DA:13,0
DA:14,0
DA:39,0
DA:41,0
DA:42,0
DA:43,0
DA:47,0
DA:65,0
DA:81,0
DA:82,0
DA:83,0
DA:84,0
DA:85,0
DA:86,0
DA:87,0
DA:88,0
DA:89,0
DA:90,0
DA:91,0
DA:92,0
DA:93,0
DA:94,0
DA:95,0
DA:99,0
DA:101,0
DA:102,0
DA:103,0
DA:104,0
LF:30
LH:0
end_of_record
SF:lib/packages/service/dfx/models/user/dto/real_unit_user_data_dto.dart
DA:20,0
DA:37,0
DA:38,0
DA:39,0
DA:40,0
DA:41,0
DA:42,0
DA:43,0
DA:44,0
DA:45,0
DA:46,0
DA:47,0
DA:48,0
DA:49,0
DA:50,0
DA:51,0
DA:52,0
DA:53,0
DA:54,0
DA:56,0
LF:20
LH:0
end_of_record
SF:lib/packages/service/dfx/models/wallet/real_unit_registration_info_dto.dart
DA:13,0
DA:18,0
DA:19,0
DA:20,0
DA:21,0
DA:22,0
LF:6
LH:0
end_of_record
SF:lib/packages/service/dfx/models/wallet/real_unit_registration_state.dart
DA:21,0
DA:22,0
DA:23,0
DA:24,0
LF:4
LH:0
end_of_record
SF:lib/packages/service/dfx/real_unit_registration_service.dart
DA:22,0
DA:29,0
DA:36,0
DA:37,0
DA:38,0
DA:40,0
DA:43,0
DA:44,0
DA:45,0
DA:48,0
DA:52,0
DA:53,0
DA:54,0
DA:56,0
DA:59,0
DA:60,0
DA:61,0
DA:66,0
DA:67,0
DA:68,0
DA:70,0
DA:71,0
DA:75,0
DA:80,0
DA:82,0
DA:84,0
DA:88,0
DA:89,0
DA:95,0
DA:96,0
DA:97,0
DA:99,0
DA:100,0
DA:101,0
DA:102,0
DA:104,0
DA:105,0
DA:106,0
DA:107,0
DA:109,0
DA:112,0
DA:115,0
DA:119,0
DA:120,0
DA:124,0
DA:125,0
DA:130,0
DA:134,0
DA:135,0
DA:137,0
DA:140,0
DA:141,0
DA:142,0
DA:143,0
DA:144,0
DA:145,0
DA:146,0
DA:147,0
DA:148,0
DA:149,0
DA:150,0
DA:155,0
DA:156,0
DA:158,0
DA:161,0
DA:164,0
DA:165,0
DA:166,0
DA:169,0
DA:170,0
DA:174,0
DA:177,0
DA:179,0
DA:181,0
DA:185,0
DA:186,0
DA:187,0
DA:189,0
DA:191,0
DA:192,0
DA:193,0
DA:194,0
DA:195,0
DA:196,0
DA:197,0
DA:198,0
DA:199,0
DA:200,0
DA:201,0
DA:202,0
DA:206,0
DA:207,0
DA:212,0
DA:213,0
DA:215,0
DA:218,0
DA:221,0
DA:222,0
DA:223,0
DA:226,0
DA:227,0
LF:101
LH:0
end_of_record
SF:lib/packages/utils/ascii_transliterate.dart
DA:106,0
DA:107,0
DA:110,0
DA:111,0
DA:113,0
DA:115,0
DA:119,0
DA:121,0
DA:125,0
DA:126,0
DA:132,0
DA:134,0
LF:12
LH:0
end_of_record
SF:lib/packages/wallet/eip712_signer.dart
DA:11,0
DA:27,0
DA:28,0
DA:29,0
DA:30,0
DA:31,0
DA:33,0
DA:34,0
DA:35,0
DA:36,0
DA:37,0
DA:38,0
DA:39,0
DA:40,0
DA:41,0
DA:42,0
DA:43,0
DA:44,0
DA:45,0
DA:46,0
DA:50,0
DA:51,0
DA:64,0
DA:68,0
DA:71,0
DA:75,0
DA:76,0
DA:77,0
DA:78,0
DA:79,0
DA:80,0
DA:81,0
DA:83,0
DA:84,0
DA:85,0
DA:86,0
DA:87,0
DA:88,0
DA:91,0
DA:92,0
DA:93,0
DA:94,0
DA:95,0
DA:97,0
DA:98,0
DA:99,0
DA:100,0
DA:101,0
DA:102,0
DA:106,0
DA:109,0
DA:115,0
DA:116,0
DA:117,0
DA:118,0
DA:123,0
DA:129,0
LF:57
LH:0
end_of_record
SF:lib/packages/service/settings_service.dart
DA:6,0
DA:8,0
DA:10,0
DA:11,0
DA:14,0
DA:16,0
DA:17,0
LF:7
LH:0
end_of_record
SF:lib/packages/storage/node_storage.dart
LF:0
LH:0
end_of_record
SF:lib/screens/home/bloc/home_event.dart
DA:4,4
DA:6,0
DA:7,0
DA:11,4
DA:15,0
DA:19,0
DA:23,0
DA:27,0
DA:28,0
DA:32,0
DA:36,0
DA:37,0
DA:41,0
DA:45,0
DA:49,0
DA:53,0
DA:54,0
LF:17
LH:2
end_of_record
SF:lib/screens/home/bloc/home_state.dart
DA:4,4
DA:25,0
DA:32,0
DA:33,0
DA:34,0
DA:35,0
DA:36,0
DA:37,0
DA:39,0
LF:9
LH:1
end_of_record
SF:lib/screens/home/bloc/home_bloc.dart
DA:17,0
DA:24,0
DA:25,0
DA:26,0
DA:27,0
DA:28,0
DA:29,0
DA:30,0
DA:31,0
DA:32,0
DA:34,0
DA:44,0
DA:45,0
DA:46,0
DA:47,0
DA:49,0
DA:50,0
DA:55,0
DA:56,0
DA:58,0
DA:67,0
DA:68,0
DA:72,0
DA:73,0
DA:75,0
DA:76,0
DA:82,0
DA:83,0
DA:88,0
DA:89,0
DA:90,0
DA:93,0
DA:97,0
DA:99,0
DA:100,0
DA:101,0
DA:102,0
DA:103,0
DA:105,0
DA:106,0
DA:110,0
DA:115,0
DA:116,0
DA:120,0
DA:121,0
DA:123,0
DA:130,0
DA:133,0
DA:135,0
DA:136,0
DA:137,0
DA:140,0
DA:141,0
DA:142,0
DA:145,0
DA:146,0
DA:147,0
DA:148,0
DA:151,0
DA:152,0
DA:153,0
DA:154,0
DA:155,0
LF:63
LH:0
end_of_record
SF:lib/screens/settings/bloc/settings_state.dart
DA:4,0
DA:16,0
DA:22,0
DA:23,0
DA:24,0
DA:25,0
DA:26,0
LF:7
LH:0
end_of_record
SF:lib/screens/settings/bloc/settings_event.dart
DA:4,0
DA:6,0
DA:7,0
DA:13,0
DA:15,0
DA:16,0
DA:22,0
DA:24,0
DA:25,0
DA:31,0
DA:33,0
DA:34,0
DA:38,0
LF:13
LH:0
end_of_record
SF:lib/screens/settings/bloc/settings_bloc.dart
DA:12,0
DA:16,0
DA:17,0
DA:18,0
DA:19,0
DA:21,0
DA:22,0
DA:23,0
DA:24,0
DA:35,0
DA:36,0
DA:37,0
DA:40,0
DA:41,0
DA:42,0
DA:45,0
DA:47,0
DA:48,0
DA:49,0
DA:50,0
DA:53,0
DA:54,0
LF:22
LH:0
end_of_record
SF:lib/styles/currency.dart
DA:9,0
DA:10,0
DA:14,0
DA:16,0
DA:17,0
DA:18,0
DA:19,0
LF:7
LH:0
end_of_record
SF:lib/styles/language.dart
DA:9,0
DA:14,0
DA:16,0
DA:17,0
DA:18,0
DA:19,0
LF:6
LH:0
end_of_record
SF:lib/styles/colors.dart
DA:4,15
DA:5,15
LF:2
LH:2
end_of_record
SF:lib/styles/text_styles.dart
DA:6,15
DA:7,15
DA:9,15
DA:10,10
DA:11,10
DA:12,10
DA:13,10
DA:14,10
DA:15,10
LF:9
LH:9
end_of_record
SF:lib/widgets/form/phone_number_field.dart
DA:9,2
DA:11,2
DA:12,2
DA:20,2
DA:22,2
DA:23,6
DA:25,4
DA:26,2
DA:27,2
DA:28,6
DA:33,6
DA:37,1
DA:38,2
DA:39,3
DA:40,3
DA:44,2
DA:45,2
DA:46,2
DA:47,4
DA:48,1
DA:49,4
DA:55,2
DA:57,2
DA:59,2
DA:60,2
DA:62,2
DA:63,4
DA:71,2
DA:74,2
DA:75,2
DA:77,2
DA:78,2
DA:79,2
DA:80,10
DA:81,2
DA:82,1
DA:84,1
DA:85,1
DA:90,2
DA:92,2
DA:94,2
DA:96,1
DA:97,1
DA:98,1
DA:101,2
DA:102,2
DA:103,2
DA:105,4
DA:106,2
DA:108,2
DA:109,4
LF:51
LH:51
end_of_record
SF:lib/widgets/form/country_field.dart
DA:16,1
DA:20,1
DA:21,2
DA:31,1
DA:39,1
DA:40,1
DA:48,1
DA:50,1
DA:51,2
DA:54,1
DA:56,1
DA:57,1
DA:58,1
DA:59,2
DA:60,1
DA:61,2
DA:70,1
DA:71,1
DA:72,2
DA:73,1
DA:74,1
DA:75,1
DA:76,1
DA:77,2
DA:78,3
DA:81,1
DA:82,1
DA:83,3
DA:90,6
DA:91,5
DA:92,2
DA:97,1
DA:98,1
DA:99,6
DA:102,1
DA:104,2
DA:105,6
DA:107,2
DA:108,1
DA:114,1
DA:115,2
DA:116,2
DA:120,1
DA:121,2
DA:123,1
DA:125,2
DA:126,3
DA:127,3
DA:129,4
DA:130,0
DA:133,3
DA:134,2
DA:136,3
DA:150,1
DA:152,1
DA:154,1
DA:156,1
DA:157,1
DA:159,1
DA:160,1
DA:168,1
DA:171,1
DA:172,1
DA:173,1
DA:175,1
DA:176,1
DA:177,1
DA:178,3
DA:181,1
LF:69
LH:68
end_of_record
SF:lib/models/portfolio_value_point.dart
DA:9,0
LF:1
LH:0
end_of_record
SF:lib/models/price_point.dart
DA:8,0
LF:1
LH:0
end_of_record
SF:lib/packages/repository/supported_fiat_repository.dart
DA:18,0
DA:20,0
DA:22,0
DA:24,0
DA:26,0
DA:27,0
DA:28,0
DA:29,0
DA:30,0
DA:31,0
DA:33,0
DA:35,0
DA:36,0
DA:44,0
DA:46,0
LF:15
LH:0
end_of_record
SF:lib/packages/service/dfx/dfx_fiat_service.dart
DA:25,0
DA:27,0
DA:29,0
DA:30,0
DA:31,0
DA:32,0
DA:36,0
DA:37,0
DA:39,0
DA:40,0
DA:43,0
DA:44,0
DA:45,0
DA:46,0
DA:52,0
DA:53,0
DA:54,0
LF:17
LH:0
end_of_record
SF:lib/packages/repository/supported_language_repository.dart
DA:16,0
DA:19,0
DA:20,0
DA:21,0
DA:22,0
DA:23,0
DA:24,0
DA:26,0
DA:28,0
DA:30,0
DA:38,0
DA:40,0
LF:12
LH:0
end_of_record
SF:lib/packages/service/dfx/dfx_language_service.dart
DA:24,0
DA:26,0
DA:28,0
DA:29,0
DA:30,0
DA:31,0
DA:35,0
DA:36,0
DA:38,0
DA:39,0
DA:42,0
DA:44,0
DA:45,0
DA:46,0
DA:47,0
DA:53,0
DA:54,0
DA:55,0
LF:18
LH:0
end_of_record
SF:lib/packages/service/biometric/biometric_service_adapter.dart
DA:20,0
LF:1
LH:0
end_of_record
SF:lib/packages/service/biometric_service.dart
DA:18,0
DA:22,0
DA:24,0
DA:25,0
DA:26,0
DA:30,0
DA:32,0
DA:47,0
DA:49,0
DA:55,0
DA:56,0
DA:60,0
DA:73,0
DA:74,0
DA:77,0
DA:78,0
DA:79,0
DA:80,0
DA:81,0
DA:86,0
DA:90,0
DA:94,0
DA:95,0
DA:99,0
DA:100,0
DA:101,0
DA:107,0
DA:117,0
DA:118,0
DA:119,0
DA:120,0
DA:125,0
LF:32
LH:0
end_of_record
SF:lib/packages/service/debug_auth_service.dart
DA:15,0
DA:17,0
DA:19,0
DA:21,0
DA:22,0
DA:23,0
DA:25,0
DA:27,0
DA:29,0
DA:32,0
DA:33,0
DA:34,0
DA:36,0
DA:39,0
DA:40,0
DA:41,0
DA:43,0
DA:44,0
DA:51,0
DA:52,0
DA:53,0
DA:54,0
DA:55,0
DA:56,0
DA:57,0
DA:59,0
LF:26
LH:0
end_of_record
SF:lib/packages/service/dfx/dfx_bank_account_service.dart
DA:11,0
DA:13,0
DA:14,0
DA:15,0
DA:17,0
DA:22,0
DA:23,0
DA:24,0
DA:27,0
DA:28,0
DA:32,0
DA:33,0
DA:34,0
DA:36,0
DA:39,0
DA:40,0
DA:41,0
DA:45,0
DA:46,0
DA:47,0
DA:50,0
DA:53,0
DA:59,0
DA:60,0
DA:62,0
DA:65,0
DA:66,0
DA:67,0
DA:68,0
DA:72,0
DA:73,0
DA:74,0
DA:77,0
LF:33
LH:0
end_of_record
SF:lib/packages/service/dfx/models/bank_account/dto/bank_account_dto.dart
DA:8,0
DA:16,0
DA:17,0
DA:18,0
DA:19,0
DA:20,0
DA:21,0
DA:22,0
LF:8
LH:0
end_of_record
SF:lib/packages/service/dfx/dfx_blockchain_api_service.dart
DA:10,0
DA:12,0
DA:14,0
DA:15,0
DA:16,0
DA:18,0
DA:21,0
DA:23,0
DA:24,0
DA:28,0
DA:29,0
DA:30,0
DA:33,0
DA:34,0
DA:35,0
DA:36,0
LF:16
LH:0
end_of_record
SF:lib/packages/service/dfx/dfx_brokerbot_service.dart
DA:19,0
DA:22,0
DA:23,0
DA:24,0
DA:25,0
DA:28,0
DA:29,0
DA:30,0
DA:32,0
DA:34,0
DA:35,0
DA:38,0
DA:42,0
DA:43,0
DA:44,0
DA:45,0
DA:48,0
DA:49,0
DA:50,0
DA:52,0
DA:54,0
DA:55,0
DA:58,0
DA:62,0
DA:63,0
DA:64,0
DA:65,0
DA:68,0
DA:69,0
DA:70,0
DA:72,0
DA:74,0
DA:75,0
DA:76,0
DA:79,0
DA:83,0
DA:84,0
DA:85,0
DA:86,0
DA:89,0
DA:90,0
DA:91,0
DA:93,0
DA:95,0
DA:96,0
DA:97,0
DA:100,0
LF:47
LH:0
end_of_record
SF:lib/packages/service/dfx/models/brokerbot/dfx_buy_price_dto.dart
DA:6,0
DA:12,0
DA:13,0
DA:14,0
DA:15,0
DA:16,0
LF:6
LH:0
end_of_record
SF:lib/packages/service/dfx/models/brokerbot/dfx_buy_shares_dto.dart
DA:6,0
DA:12,0
DA:13,0
DA:14,0
DA:15,0
DA:16,0
LF:6
LH:0
end_of_record
SF:lib/packages/service/dfx/models/brokerbot/dfx_sell_price_dto.dart
DA:7,0
DA:14,0
DA:15,0
DA:16,0
DA:17,0
DA:18,0
DA:19,0
LF:7
LH:0
end_of_record
SF:lib/packages/service/dfx/models/brokerbot/dfx_sell_shares_dto.dart
DA:7,0
DA:14,0
DA:15,0
DA:16,0
DA:17,0
DA:18,0
DA:19,0
LF:7
LH:0
end_of_record
SF:lib/packages/utils/fiat_amount.dart
DA:5,0
DA:6,0
DA:7,0
DA:12,0
DA:13,0
DA:14,0
DA:15,0
LF:7
LH:0
end_of_record
SF:lib/packages/service/dfx/dfx_faucet_service.dart
DA:11,0
DA:13,0
DA:14,0
DA:15,0
DA:17,0
DA:22,0
DA:23,0
DA:26,0
DA:27,0
LF:9
LH:0
end_of_record
SF:lib/packages/service/dfx/models/faucet/faucet_response_dto.dart
DA:5,0
DA:7,0
DA:8,0
DA:9,0
DA:10,0
LF:5
LH:0
end_of_record
SF:lib/packages/service/dfx/models/fiat/dto/dfx_fiat_dto.dart
DA:12,0
DA:19,0
DA:20,0
DA:21,0
DA:22,0
DA:23,0
DA:24,0
LF:7
LH:0
end_of_record
SF:lib/packages/service/dfx/dfx_kyc_service.dart
DA:17,0
DA:19,0
DA:20,0
DA:21,0
DA:23,0
DA:28,0
DA:29,0
DA:30,0
DA:33,0
DA:34,0
DA:37,0
DA:38,0
DA:40,0
DA:41,0
DA:42,0
DA:43,0
DA:45,0
DA:47,0
DA:51,0
DA:52,0
DA:53,0
DA:56,0
DA:57,0
DA:60,0
DA:61,0
DA:63,0
DA:64,0
DA:65,0
DA:66,0
DA:68,0
DA:70,0
DA:74,0
DA:75,0
DA:76,0
DA:79,0
DA:80,0
DA:84,0
DA:85,0
DA:87,0
DA:88,0
DA:90,0
DA:92,0
DA:96,0
DA:97,0
DA:98,0
DA:101,0
DA:102,0
DA:105,0
DA:106,0
DA:107,0
DA:109,0
DA:112,0
DA:115,0
DA:116,0
DA:117,0
DA:122,0
DA:123,0
DA:125,0
DA:126,0
DA:128,0
DA:130,0
DA:132,0
DA:135,0
DA:136,0
DA:137,0
DA:142,0
DA:143,0
DA:145,0
DA:146,0
DA:148,0
DA:150,0
DA:154,0
DA:155,0
DA:156,0
DA:161,0
DA:162,0
DA:164,0
DA:165,0
DA:167,0
DA:169,0
DA:171,0
DA:174,0
DA:175,0
DA:176,0
DA:181,0
DA:185,0
DA:187,0
DA:188,0
DA:190,0
DA:192,0
DA:196,0
DA:197,0
DA:198,0
DA:201,0
DA:202,0
DA:205,0
DA:206,0
DA:208,0
DA:209,0
DA:211,0
DA:213,0
DA:215,0
DA:216,0
DA:220,0
DA:221,0
DA:222,0
LF:106
LH:0
end_of_record
SF:lib/packages/service/dfx/models/kyc/dto/kyc_financial_data_dto.dart
DA:4,0
DA:6,0
DA:8,0
DA:10,0
DA:12,0
DA:15,0
DA:24,0
DA:29,0
DA:30,0
DA:31,0
DA:32,0
DA:41,0
DA:46,0
DA:47,0
DA:48,0
DA:49,0
DA:62,0
DA:71,0
DA:72,0
DA:73,0
DA:74,0
DA:75,0
DA:76,0
DA:77,0
DA:78,0
DA:79,0
DA:80,0
DA:81,0
DA:82,0
DA:91,0
DA:96,0
DA:98,0
DA:99,0
DA:100,0
DA:101,0
DA:110,0
DA:115,0
DA:116,0
DA:117,0
DA:118,0
DA:119,0
DA:121,0
DA:122,0
DA:123,0
DA:124,0
LF:45
LH:0
end_of_record
SF:lib/packages/service/dfx/models/kyc/dto/kyc_level_dto.dart
DA:12,0
DA:18,0
DA:19,0
DA:20,0
DA:21,0
DA:22,0
DA:23,0
DA:24,0
DA:25,0
LF:9
LH:0
end_of_record
SF:lib/packages/service/dfx/models/kyc/dto/kyc_session_dto.dart
DA:8,0
DA:15,0
DA:16,0
DA:17,0
DA:18,0
DA:19,0
DA:20,0
DA:21,0
DA:22,0
DA:24,0
DA:25,0
DA:34,0
DA:44,0
DA:45,0
DA:46,0
DA:47,0
DA:48,0
DA:49,0
DA:50,0
DA:51,0
DA:53,0
DA:54,0
DA:63,0
DA:65,0
DA:66,0
DA:67,0
DA:68,0
DA:76,0
DA:78,0
DA:80,0
DA:82,0
DA:84,0
DA:87,0
LF:33
LH:0
end_of_record
SF:lib/packages/service/dfx/models/kyc/kyc_level.dart
DA:10,0
DA:12,0
DA:14,0
DA:16,0
DA:18,0
DA:20,0
DA:34,0
DA:36,0
DA:38,0
DA:40,0
DA:42,0
DA:44,0
DA:47,0
DA:80,0
DA:82,0
DA:84,0
DA:86,0
DA:88,0
DA:90,0
DA:92,0
DA:94,0
DA:96,0
DA:98,0
DA:100,0
DA:102,0
DA:104,0
DA:106,0
DA:108,0
DA:110,0
DA:112,0
DA:114,0
DA:116,0
DA:118,0
DA:120,0
DA:122,0
DA:124,0
DA:126,0
DA:128,0
DA:133,0
DA:135,0
DA:137,0
DA:139,0
DA:141,0
DA:143,0
DA:145,0
DA:147,0
DA:149,0
DA:151,0
DA:153,0
DA:155,0
DA:157,0
DA:159,0
DA:161,0
DA:163,0
DA:165,0
DA:167,0
DA:169,0
DA:171,0
DA:173,0
DA:175,0
DA:177,0
DA:179,0
DA:181,0
DA:184,0
DA:198,0
DA:200,0
DA:202,0
DA:204,0
DA:206,0
DA:208,0
DA:213,0
DA:215,0
DA:217,0
DA:219,0
DA:221,0
DA:223,0
DA:226,0
DA:243,0
DA:245,0
DA:247,0
DA:249,0
DA:251,0
DA:253,0
DA:255,0
DA:257,0
DA:259,0
DA:264,0
DA:266,0
DA:268,0
DA:270,0
DA:272,0
DA:274,0
DA:276,0
DA:278,0
DA:280,0
DA:283,0
DA:294,0
DA:296,0
DA:298,0
DA:303,0
DA:305,0
DA:307,0
DA:310,0
DA:316,0
DA:318,0
DA:320,0
DA:322,0
DA:324,0
DA:326,0
DA:328,0
DA:330,0
DA:331,0
DA:332,0
DA:333,0
DA:337,0
DA:339,0
DA:341,0
DA:343,0
DA:345,0
DA:347,0
DA:349,0
DA:351,0
DA:353,0
DA:356,0
LF:124
LH:0
end_of_record
SF:lib/packages/service/dfx/models/user/dto/user_dto.dart
DA:8,0
DA:14,0
DA:15,0
DA:16,0
DA:17,0
DA:18,0
DA:19,0
DA:30,0
DA:36,0
DA:37,0
DA:38,0
DA:39,0
DA:40,0
DA:62,1
DA:70,0
DA:71,0
DA:72,0
DA:73,0
DA:74,0
DA:75,0
DA:76,0
DA:77,0
DA:78,0
DA:94,0
DA:99,0
DA:100,0
DA:101,0
DA:102,0
DA:103,0
DA:120,0
DA:121,0
LF:31
LH:1
end_of_record
SF:lib/packages/service/dfx/models/language/dto/dfx_language_dto.dart
DA:12,0
DA:20,0
DA:21,0
DA:22,0
DA:23,0
DA:24,0
DA:25,0
DA:26,0
LF:8
LH:0
end_of_record
SF:lib/packages/service/dfx/dfx_price_service.dart
DA:16,0
DA:18,0
DA:20,0
DA:22,0
DA:23,0
DA:25,0
DA:27,0
DA:29,0
DA:31,0
DA:33,0
DA:34,0
DA:40,0
DA:41,0
DA:47,0
DA:48,0
DA:56,0
DA:58,0
DA:59,0
DA:61,0
DA:63,0
DA:66,0
DA:67,0
DA:71,0
DA:72,0
DA:76,0
DA:77,0
DA:78,0
DA:80,0
DA:82,0
DA:83,0
DA:84,0
DA:86,0
LF:32
LH:0
end_of_record
SF:lib/packages/service/dfx/dfx_support_service.dart
DA:13,0
DA:15,0
DA:16,0
DA:17,0
DA:19,0
DA:24,0
DA:25,0
DA:26,0
DA:29,0
DA:30,0
DA:33,0
DA:34,0
DA:35,0
DA:37,0
DA:42,0
DA:43,0
DA:44,0
DA:47,0
DA:48,0
DA:52,0
DA:58,0
DA:60,0
DA:61,0
DA:62,0
DA:63,0
DA:64,0
DA:67,0
DA:69,0
DA:75,0
DA:76,0
DA:77,0
DA:80,0
DA:81,0
DA:85,0
DA:86,0
DA:88,0
DA:90,0
DA:92,0
DA:98,0
DA:99,0
DA:100,0
LF:41
LH:0
end_of_record
SF:lib/packages/service/dfx/models/support/dto/support_issue_dto.dart
DA:15,0
DA:25,0
DA:26,0
DA:27,0
DA:28,0
DA:29,0
DA:30,0
DA:31,0
DA:32,0
DA:33,0
DA:34,0
DA:35,0
DA:36,0
LF:13
LH:0
end_of_record
SF:lib/packages/service/dfx/models/support/support_issue_reason.dart
DA:13,0
DA:14,0
DA:15,0
DA:16,0
DA:20,0
LF:5
LH:0
end_of_record
SF:lib/packages/service/dfx/models/support/support_issue_type.dart
DA:15,0
DA:16,0
DA:17,0
DA:18,0
DA:22,0
LF:5
LH:0
end_of_record
SF:lib/packages/service/dfx/dfx_widget_service.dart
DA:4,0
DA:6,0
LF:2
LH:0
end_of_record
SF:lib/packages/service/dfx/exceptions/payment/sell_exceptions.dart
DA:4,0
DA:10,0
DA:11,0
LF:3
LH:0
end_of_record
SF:lib/packages/service/dfx/models/account/dto/account_summary_dto.dart
DA:8,0
DA:16,0
DA:17,0
DA:18,0
DA:19,0
DA:20,0
DA:21,0
DA:22,0
DA:23,0
DA:24,0
DA:35,0
DA:42,0
DA:43,0
DA:44,0
DA:45,0
DA:46,0
DA:47,0
LF:17
LH:0
end_of_record
SF:lib/packages/service/dfx/models/fees/dfx_fees_data.dart
DA:9,0
DA:18,0
DA:19,0
DA:20,0
DA:21,0
DA:22,0
DA:23,0
DA:24,0
DA:25,0
LF:9
LH:0
end_of_record
SF:lib/packages/service/dfx/models/kyc/dto/kyc_step_dto.dart
DA:15,0
DA:25,0
DA:26,0
DA:27,0
DA:28,0
DA:29,0
DA:30,0
DA:31,0
DA:33,0
DA:34,0
DA:35,0
LF:11
LH:0
end_of_record
SF:lib/packages/service/dfx/models/payment/buy/buy_payment_info.dart
DA:28,0
DA:48,0
DA:49,0
DA:50,0
DA:51,0
DA:52,0
DA:53,0
DA:54,0
DA:55,0
DA:56,0
DA:57,0
DA:58,0
DA:59,0
DA:60,0
DA:61,0
DA:62,0
DA:63,0
DA:64,0
DA:65,0
DA:66,0
LF:20
LH:0
end_of_record
SF:lib/packages/service/dfx/models/payment/buy/dto/real_unit_buy_confirm_dto.dart
DA:11,0
DA:17,0
DA:18,0
DA:19,0
DA:20,0
DA:21,0
LF:6
LH:0
end_of_record
SF:lib/packages/service/dfx/models/payment/buy/dto/real_unit_buy_dto.dart
DA:7,0
DA:12,0
DA:13,0
DA:14,0
DA:15,0
LF:5
LH:0
end_of_record
SF:lib/packages/service/dfx/models/payment/buy/dto/real_unit_buy_payment_info_dto.dart
DA:33,0
DA:62,0
DA:63,0
DA:64,0
DA:65,0
DA:66,0
DA:67,0
DA:68,0
DA:69,0
DA:70,0
DA:71,0
DA:72,0
DA:73,0
DA:74,0
DA:75,0
DA:76,0
DA:77,0
DA:78,0
DA:79,0
DA:80,0
DA:81,0
DA:82,0
DA:83,0
DA:84,0
DA:85,0
DA:86,0
DA:87,0
DA:88,0
DA:89,0
DA:90,0
DA:91,0
LF:31
LH:0
end_of_record
SF:lib/packages/service/dfx/models/payment/price_step_dto.dart
DA:8,0
DA:16,0
DA:17,0
DA:18,0
DA:19,0
DA:20,0
DA:21,0
DA:22,0
LF:8
LH:0
end_of_record
SF:lib/packages/service/dfx/models/payment/sell/dto/broadcast_transaction_request_dto.dart
DA:7,0
DA:14,0
DA:15,0
DA:16,0
DA:17,0
DA:18,0
DA:19,0
LF:7
LH:0
end_of_record
SF:lib/packages/service/dfx/models/payment/sell/dto/broadcast_transaction_response_dto.dart
DA:4,0
DA:6,0
DA:7,0
DA:8,0
LF:4
LH:0
end_of_record
SF:lib/packages/service/dfx/models/payment/sell/dto/eip7702/eip7702_confirm_dto.dart
DA:8,0
DA:16,0
DA:17,0
DA:18,0
DA:19,0
DA:20,0
DA:21,0
DA:22,0
DA:35,0
DA:44,0
DA:45,0
DA:46,0
DA:47,0
DA:48,0
DA:49,0
DA:50,0
DA:51,0
DA:60,0
DA:65,0
DA:66,0
DA:67,0
DA:68,0
LF:22
LH:0
end_of_record
SF:lib/packages/service/dfx/models/payment/sell/dto/real_unit_sell_confirm_dto.dart
DA:7,0
DA:12,0
DA:13,0
DA:14,0
DA:15,0
LF:5
LH:0
end_of_record
SF:lib/packages/service/dfx/models/payment/sell/dto/real_unit_sell_dto.dart
DA:9,0
DA:16,0
DA:21,0
DA:22,0
DA:23,0
DA:24,0
DA:25,0
DA:26,0
LF:8
LH:0
end_of_record
SF:lib/packages/service/dfx/models/payment/sell/dto/real_unit_sell_payment_info_dto.dart
DA:31,0
DA:57,0
DA:58,0
DA:59,0
DA:60,0
DA:61,0
DA:62,0
DA:63,0
DA:64,0
DA:65,0
DA:66,0
DA:67,0
DA:68,0
DA:69,0
DA:70,0
DA:71,0
DA:72,0
DA:73,0
DA:74,0
DA:75,0
DA:76,0
DA:77,0
DA:78,0
DA:79,0
DA:80,0
DA:81,0
DA:82,0
DA:83,0
DA:92,0
DA:97,0
DA:98,0
DA:99,0
DA:100,0
LF:33
LH:0
end_of_record
SF:lib/packages/service/dfx/models/payment/sell/dto/real_unit_unsigned_transactions_request_dto.dart
DA:5,0
DA:7,0
DA:8,0
DA:9,0
DA:10,0
LF:5
LH:0
end_of_record
SF:lib/packages/service/dfx/models/payment/sell/sell_payment_info.dart
DA:27,0
LF:1
LH:0
end_of_record
SF:lib/packages/service/dfx/models/pdf/balance_pdf_dto.dart
DA:10,0
DA:17,0
DA:18,0
DA:19,0
DA:20,0
DA:21,0
DA:22,0
LF:7
LH:0
end_of_record
SF:lib/packages/service/dfx/models/pdf/multi_receipt_dto.dart
DA:9,0
DA:15,0
DA:16,0
DA:17,0
DA:18,0
DA:19,0
LF:6
LH:0
end_of_record
SF:lib/packages/service/dfx/models/pdf/pdf_dto.dart
DA:4,0
DA:8,0
DA:9,0
DA:10,0
LF:4
LH:0
end_of_record
SF:lib/packages/service/dfx/models/pdf/single_receipt_dto.dart
DA:9,0
DA:15,0
DA:16,0
DA:17,0
DA:18,0
DA:19,0
LF:6
LH:0
end_of_record
SF:lib/packages/service/dfx/models/support/dto/support_message_dto.dart
DA:8,0
DA:16,0
DA:17,0
DA:18,0
DA:19,0
DA:20,0
DA:21,0
DA:22,0
LF:8
LH:0
end_of_record
SF:lib/packages/service/dfx/models/support/support_issue_state.dart
DA:11,0
DA:12,0
DA:13,0
DA:14,0
LF:4
LH:0
end_of_record
SF:lib/packages/service/dfx/real_unit_account_service.dart
DA:11,0
DA:13,0
DA:17,0
DA:19,0
DA:20,0
DA:21,0
DA:22,0
DA:24,0
DA:25,0
DA:26,0
DA:29,0
DA:30,0
DA:32,0
DA:33,0
DA:35,0
DA:36,0
DA:42,0
DA:43,0
DA:44,0
DA:45,0
DA:48,0
DA:49,0
LF:22
LH:0
end_of_record
SF:lib/packages/service/dfx/real_unit_buy_payment_info_service.dart
DA:14,0
DA:16,0
DA:18,0
DA:19,0
DA:21,0
DA:22,0
DA:24,0
DA:27,0
DA:30,0
DA:31,0
DA:32,0
DA:34,0
DA:35,0
DA:36,0
DA:37,0
DA:38,0
DA:39,0
DA:40,0
DA:41,0
DA:42,0
DA:43,0
DA:44,0
DA:45,0
DA:46,0
DA:47,0
DA:48,0
DA:49,0
DA:50,0
DA:51,0
DA:53,0
DA:54,0
DA:55,0
DA:57,0
DA:58,0
DA:62,0
DA:63,0
DA:65,0
DA:69,0
DA:70,0
DA:71,0
DA:74,0
DA:75,0
LF:42
LH:0
end_of_record
SF:lib/packages/service/dfx/real_unit_pdf_service.dart
DA:18,0
DA:20,0
DA:25,0
DA:27,0
DA:32,0
DA:33,0
DA:35,0
DA:38,0
DA:41,0
DA:42,0
DA:43,0
DA:46,0
DA:49,0
DA:54,0
DA:55,0
DA:57,0
DA:60,0
DA:63,0
DA:64,0
DA:65,0
DA:68,0
DA:71,0
DA:76,0
DA:77,0
DA:79,0
DA:82,0
DA:85,0
DA:86,0
DA:87,0
DA:90,0
LF:30
LH:0
end_of_record
SF:lib/packages/service/dfx/real_unit_sell_payment_info_service.dart
DA:22,0
DA:23,0
DA:24,0
DA:30,0
DA:32,0
DA:37,0
DA:43,0
DA:44,0
DA:46,0
DA:49,0
DA:52,0
DA:53,0
DA:54,0
DA:56,0
DA:57,0
DA:58,0
DA:59,0
DA:60,0
DA:61,0
DA:62,0
DA:63,0
DA:64,0
DA:65,0
DA:66,0
DA:67,0
DA:68,0
DA:69,0
DA:70,0
DA:71,0
DA:72,0
DA:73,0
DA:75,0
DA:76,0
DA:77,0
DA:79,0
DA:80,0
DA:85,0
DA:89,0
DA:91,0
DA:92,0
DA:94,0
DA:96,0
DA:98,0
DA:100,0
DA:102,0
DA:103,0
DA:104,0
DA:105,0
DA:106,0
DA:107,0
DA:108,0
DA:109,0
DA:110,0
DA:113,0
DA:114,0
DA:115,0
DA:116,0
DA:117,0
DA:118,0
DA:119,0
DA:128,0
DA:132,0
DA:133,0
DA:134,0
DA:136,0
DA:140,0
DA:141,0
DA:142,0
DA:144,0
DA:145,0
DA:148,0
DA:152,0
DA:153,0
DA:155,0
DA:158,0
DA:160,0
DA:161,0
DA:162,0
DA:164,0
DA:165,0
DA:167,0
DA:171,0
DA:172,0
DA:175,0
DA:176,0
DA:177,0
DA:179,0
DA:182,0
DA:185,0
DA:186,0
DA:187,0
DA:189,0
DA:190,0
DA:191,0
DA:192,0
DA:193,0
DA:200,0
DA:201,0
DA:204,0
DA:205,0
DA:209,0
DA:210,0
DA:212,0
DA:213,0
DA:217,0
DA:218,0
DA:220,0
DA:221,0
DA:222,0
DA:227,0
DA:228,0
DA:232,0
DA:233,0
DA:236,0
DA:237,0
DA:238,0
DA:239,0
LF:117
LH:0
end_of_record
SF:lib/packages/wallet/eip7702_signer.dart
DA:6,0
DA:10,0
DA:11,0
DA:18,0
DA:19,0
DA:20,0
DA:22,0
DA:23,0
LF:8
LH:0
end_of_record
SF:lib/screens/pin/bloc/auth/pin_auth_state.dart
DA:7,1
DA:12,0
DA:16,0
DA:17,0
DA:18,0
DA:22,0
DA:23,0
LF:7
LH:1
end_of_record
SF:lib/screens/pin/bloc/auth/pin_auth_cubit.dart
DA:10,0
DA:13,0
DA:19,0
DA:20,0
DA:21,0
DA:22,0
DA:29,0
DA:30,0
DA:33,0
DA:35,0
DA:37,0
DA:38,0
DA:40,0
DA:43,0
DA:44,0
DA:45,0
DA:47,0
DA:50,0
DA:51,0
DA:52,0
DA:53,0
DA:54,0
DA:56,0
LF:23
LH:0
end_of_record
SF:lib/setup/database.dart
DA:5,0
DA:6,0
DA:7,0
LF:3
LH:0
end_of_record
SF:lib/setup/di.dart
DA:48,0
DA:49,3
DA:51,0
DA:52,0
DA:53,0
DA:55,0
DA:58,0
DA:60,0
DA:62,0
DA:65,0
DA:66,0
DA:68,0
DA:69,0
DA:70,0
DA:78,0
DA:79,0
DA:80,0
DA:82,0
DA:83,0
DA:84,0
DA:85,0
DA:89,0
DA:90,0
DA:92,0
DA:98,0
DA:101,0
DA:102,0
DA:103,0
DA:104,0
DA:105,0
DA:108,0
DA:109,0
DA:110,0
DA:111,0
DA:112,0
DA:113,0
DA:114,0
DA:119,0
DA:120,0
DA:121,0
DA:122,0
DA:123,0
DA:126,0
DA:127,0
DA:128,0
DA:131,0
DA:132,0
DA:133,0
DA:134,0
DA:135,0
DA:136,0
DA:137,0
DA:140,0
DA:141,0
DA:142,0
DA:143,0
DA:144,0
DA:148,0
DA:149,0
DA:150,0
DA:151,0
DA:152,0
DA:154,0
DA:155,0
DA:157,0
DA:158,0
DA:160,0
DA:161,0
DA:163,0
DA:164,0
DA:166,0
DA:167,0
DA:168,0
DA:170,0
DA:171,0
DA:173,0
DA:174,0
DA:176,0
DA:177,0
DA:180,0
DA:181,0
DA:182,0
DA:184,0
DA:185,0
DA:187,0
DA:188,0
DA:190,0
DA:191,0
DA:193,0
DA:194,0
DA:195,0
DA:199,0
DA:200,0
DA:201,0
DA:202,0
DA:203,0
DA:204,0
DA:207,0
DA:208,0
DA:212,0
DA:213,0
DA:214,0
DA:215,0
DA:216,0
DA:217,0
DA:218,0
DA:219,0
DA:223,0
DA:224,0
DA:225,0
DA:228,0
DA:230,0
DA:235,0
DA:237,0
DA:238,0
DA:242,0
DA:244,0
DA:245,0
DA:248,0
DA:250,0
DA:251,0
DA:252,0
DA:256,0
LF:123
LH:1
end_of_record
SF:lib/widgets/form/birthday_field.dart
DA:8,1
DA:13,1
DA:14,1
DA:24,4
DA:25,4
DA:26,5
DA:28,1
DA:30,1
DA:31,3
DA:33,1
DA:34,2
DA:37,5
DA:38,5
DA:39,5
DA:44,1
DA:45,3
DA:46,4
DA:47,3
DA:53,1
DA:54,3
DA:55,1
DA:56,2
DA:57,2
DA:58,2
DA:60,6
DA:63,1
DA:65,1
DA:67,1
DA:68,1
DA:70,1
DA:71,2
DA:79,1
DA:82,1
DA:83,1
DA:85,1
DA:86,2
DA:87,1
DA:88,5
DA:89,1
DA:90,1
DA:91,1
DA:92,3
DA:93,1
DA:95,2
DA:98,1
DA:100,1
DA:101,2
DA:102,1
DA:103,5
DA:104,1
DA:105,1
DA:106,1
DA:107,3
DA:108,1
DA:110,1
DA:113,1
DA:115,1
DA:116,2
DA:117,1
DA:118,5
DA:119,1
DA:120,1
DA:121,1
DA:122,3
DA:123,1
DA:125,1
LF:66
LH:66
end_of_record
